Log file open, 06/16/16 20:56:08
LogInit:Display: Running engine for game: MaximumKilocity
LogPlatformFile: Not using cached read wrapper
LogInit:Display: RandInit(-326430144) SRandInit(-326430138).
LogTaskGraph: Started task graph with 4 named threads and 7 total threads with 1 sets of task threads.
LogStats: Stats thread started at 0.501748
LogInit: Version: 4.12.2-3005592+++UE4+Release-4.12
LogInit: API Version: 2992821
LogInit: Net Version: 3005592
LogDevObjectVersion: Number of dev versions registered: 13
LogDevObjectVersion:   Dev-Blueprints (B0D832E4-1F89-4F0D-ACCF-7EB736FD4AA2): 3
LogDevObjectVersion:   Dev-Build (E1C64328-A22C-4D53-A36C-8E866417BD8C): 0
LogDevObjectVersion:   Dev-Core (375EC13C-06E4-48FB-B500-84F0262A717E): 1
LogDevObjectVersion:   Dev-Editor (E4B068ED-F494-42E9-A231-DA0B2E46BB41): 2
LogDevObjectVersion:   Dev-Framework (CFFC743F-43B0-4480-9391-14DF171D2073): 6
LogDevObjectVersion:   Dev-Mobile (B02B49B5-BB20-44E9-A304-32B752E40360): 0
LogDevObjectVersion:   Dev-Networking (A4E4105C-59A1-49B5-A7C5-40C4547EDFEE): 0
LogDevObjectVersion:   Dev-Online (39C831C9-5AE6-47DC-9A44-9C173E1C8E7C): 0
LogDevObjectVersion:   Dev-Physics (78F01B33-EBEA-4F98-B9B4-84EACCB95AA2): 0
LogDevObjectVersion:   Dev-Platform (6631380F-2D4D-43E0-8009-CF276956A95A): 0
LogDevObjectVersion:   Dev-Rendering (12F88B9F-8875-4AFC-A67C-D90C383ABD29): 2
LogDevObjectVersion:   Dev-Sequencer (7B5AE74C-D270-4C10-A958-57980B212A5A): 0
LogDevObjectVersion:   Dev-VR (D7296918-1DD6-4BDD-9DE2-64A83CC13884): 0
LogInit: Compiled (64-bit): Jun  8 2016 08:57:49
LogInit: Compiled with Visual C++: 19.00.23026.00
LogInit: Build Configuration: Development
LogInit: Branch Name: ++UE4+Release-4.12
LogInit: Command line: 
LogInit: Base directory: C:/Program Files (x86)/Epic Games/4.12/Engine/Binaries/Win64/
LogInit: Installed Engine Build: 1
LogInit: Using libcurl 7.41.0
LogInit:  - built for x86_64-pc-win32
LogInit:  - supports SSL with WinSSL
LogInit:  - other features:
LogInit:      CURL_VERSION_SSL
LogInit:      CURL_VERSION_IPV6
LogInit:      CURL_VERSION_ASYNCHDNS
LogInit:      CURL_VERSION_LARGEFILE
LogInit:      CURL_VERSION_IDN
LogInit:  CurlRequestOptions (configurable via config and command line):
LogInit:  - bVerifyPeer = true  - Libcurl will verify peer certificate
LogInit:  - bUseHttpProxy = false  - Libcurl will NOT use HTTP proxy
LogInit:  - bDontReuseConnections = false  - Libcurl will reuse connections
LogInit:  - CertBundlePath = nullptr  - Libcurl will use whatever was configured at build time.
LogInit: Presizing for max 8388607 objects, including 0 objects not considered by GC, pre-allocating 0 bytes for permanent pool.
LogInit: Object subsystem initialized
[2016.06.17-03.56.08:765][  0]LogInit: Selected Device Profile: [Windows]
[2016.06.17-03.56.08:765][  0]LogInit: Applying CVar settings loaded from the selected device profile: [Windows]
[2016.06.17-03.56.08:784][  0]LogInit: Computer: NV-PC
[2016.06.17-03.56.08:784][  0]LogInit: User: Niraj
[2016.06.17-03.56.08:784][  0]LogInit: CPU Page size=65536, Cores=4
[2016.06.17-03.56.08:784][  0]LogInit: High frequency timer resolution =2.533210 MHz
[2016.06.17-03.56.08:785][  0]LogMemory: Memory total: Physical=15.9GB (16GB approx)
[2016.06.17-03.56.08:785][  0]LogMemory: Platform Memory Stats for Windows
[2016.06.17-03.56.08:785][  0]LogMemory: Process Physical Memory: 190.62 MB used, 190.62 MB peak
[2016.06.17-03.56.08:785][  0]LogMemory: Process Virtual Memory: 195.46 MB used, 195.46 MB peak
[2016.06.17-03.56.08:785][  0]LogMemory: Physical Memory: 7393.46 MB used, 16296.27 MB total
[2016.06.17-03.56.08:785][  0]LogMemory: Virtual Memory: 555.23 MB used, 134217728.00 MB total
[2016.06.17-03.56.08:884][  0]LogTextLocalizationManager: No specific translations for ('en-US') exist, so ('en') translations will be used.
[2016.06.17-03.56.09:407][  0]LogD3D11RHI: D3D11 adapters:
[2016.06.17-03.56.09:463][  0]LogD3D11RHI:    0. 'NVIDIA GeForce GTX 960M' (Feature Level 11_0)
[2016.06.17-03.56.09:463][  0]LogD3D11RHI:       4036/0/8148 MB DedicatedVideo/DedicatedSystem/SharedSystem, Outputs:1, VendorId:0x10de
[2016.06.17-03.56.09:484][  0]LogD3D11RHI:    1. 'Intel(R) HD Graphics 4600' (Feature Level 11_0)
[2016.06.17-03.56.09:484][  0]LogD3D11RHI:       112/0/8148 MB DedicatedVideo/DedicatedSystem/SharedSystem, Outputs:0, VendorId:0x8086
[2016.06.17-03.56.09:492][  0]LogD3D11RHI:    2. 'Microsoft Basic Render Driver' (Feature Level 11_0)
[2016.06.17-03.56.09:492][  0]LogD3D11RHI:       0/0/8148 MB DedicatedVideo/DedicatedSystem/SharedSystem, Outputs:0, VendorId:0x1414
[2016.06.17-03.56.09:492][  0]LogD3D11RHI: Chosen D3D11 Adapter: 0
[2016.06.17-03.56.09:501][  0]LogD3D11RHI: Creating new Direct3DDevice
[2016.06.17-03.56.09:502][  0]LogD3D11RHI:     GPU DeviceId: 0x139b (for the marketing name, search the web for "GPU Device Id")
[2016.06.17-03.56.09:502][  0]LogWindows: EnumDisplayDevices:
[2016.06.17-03.56.09:502][  0]LogWindows:    0. 'Intel(R) HD Graphics 4600' (P:1 D:1)
[2016.06.17-03.56.09:502][  0]LogWindows:    1. 'Intel(R) HD Graphics 4600' (P:0 D:0)
[2016.06.17-03.56.09:503][  0]LogWindows:    2. 'Intel(R) HD Graphics 4600' (P:0 D:0)
[2016.06.17-03.56.09:503][  0]LogWindows: DebugString: PrimaryIsNotTheChoosenAdapter PrimaryIsNotTheChoosenAdapter PrimaryIsNotTheChoosenAdapter FoundDriverCount:0 
[2016.06.17-03.56.09:503][  0]LogD3D11RHI:     Adapter Name: NVIDIA GeForce GTX 960M
[2016.06.17-03.56.09:503][  0]LogD3D11RHI:   Driver Version: Unknown (internal:Unknown, unified:Unknown)
[2016.06.17-03.56.09:503][  0]LogD3D11RHI:      Driver Date: Unknown
[2016.06.17-03.56.09:503][  0]LogRHI: Texture pool is 1361 MB (70% of 1945 MB)
[2016.06.17-03.56.09:527][  0]LogD3D11RHI: Async texture creation enabled
[2016.06.17-03.56.09:542][  0]LogD3D11RHI: GPU Timing Frequency: 1000.000000 (Debug: 2 1)
[2016.06.17-03.56.09:543][  0]LogShaderCompilers: Guid format shader working directory is -21 characters bigger than the processId version (../../../../../../Users/Niraj/Desktop/GitRepos/max/MaximumKilocity/Intermediate/Shaders/WorkingDirectory/10760/).
[2016.06.17-03.56.09:543][  0]LogShaderCompilers: Cleaned the shader compiler working directory 'C:/Users/Niraj/AppData/Local/Temp/UnrealShaderWorkingDir/6B5C8EFD40DEECC2C7EFB5A8AD200DA5/'.
[2016.06.17-03.56.09:543][  0]LogShaderCompilers:Display: Using Local Shader Compiler.
[2016.06.17-03.56.10:741][  0]LogTemp:Display: Loaded TP AllDesktopTargetPlatform
[2016.06.17-03.56.10:754][  0]LogTemp:Display: Loaded TP WindowsClientTargetPlatform
[2016.06.17-03.56.10:768][  0]LogTemp:Display: Loaded TP WindowsNoEditorTargetPlatform
[2016.06.17-03.56.10:781][  0]LogTemp:Display: Loaded TP WindowsServerTargetPlatform
[2016.06.17-03.56.10:795][  0]LogTemp:Display: Loaded TP WindowsTargetPlatform
[2016.06.17-03.56.10:806][  0]LogTemp:Display: Loaded TP AndroidTargetPlatform
[2016.06.17-03.56.10:818][  0]LogTemp:Display: Loaded TP Android_ASTCTargetPlatform
[2016.06.17-03.56.10:829][  0]LogTemp:Display: Loaded TP Android_ATCTargetPlatform
[2016.06.17-03.56.10:840][  0]LogTemp:Display: Loaded TP Android_DXTTargetPlatform
[2016.06.17-03.56.10:852][  0]LogTemp:Display: Loaded TP Android_ETC1TargetPlatform
[2016.06.17-03.56.10:866][  0]LogTemp:Display: Loaded TP Android_ETC2TargetPlatform
[2016.06.17-03.56.10:902][  0]LogTemp:Display: Loaded TP Android_MultiTargetPlatform
[2016.06.17-03.56.10:902][  0]LogTemp:Display: Loaded TP Android_PVRTCTargetPlatform
[2016.06.17-03.56.10:904][  0]LogTemp:Display: Loaded TP HTML5TargetPlatform
[2016.06.17-03.56.10:938][  0]LogTemp:Display: Loaded TP IOSTargetPlatform
[2016.06.17-03.56.10:951][  0]LogTemp:Display: Loaded TP TVOSTargetPlatform
[2016.06.17-03.56.10:965][  0]LogTemp:Display: Loaded TP LinuxNoEditorTargetPlatform
[2016.06.17-03.56.10:981][  0]LogTemp:Display: Loaded TP LinuxServerTargetPlatform
[2016.06.17-03.56.10:996][  0]LogTemp:Display: Loaded TP LinuxTargetPlatform
[2016.06.17-03.56.10:997][  0]LogTargetPlatformManager:Display: Building Assets For Windows
[2016.06.17-03.56.11:156][  0]LogDerivedDataCache:Display: Max Cache Size: 512 MB
[2016.06.17-03.56.11:234][  0]LogDerivedDataCache: Loaded boot cache 0.08s 70MB C:/Users/Niraj/AppData/Local/UnrealEngine/4.12/DerivedDataCache/Boot.ddc.
[2016.06.17-03.56.11:234][  0]LogDerivedDataCache:Display: Loaded Boot cache: C:/Users/Niraj/AppData/Local/UnrealEngine/4.12/DerivedDataCache/Boot.ddc
[2016.06.17-03.56.11:234][  0]LogDerivedDataCache: FDerivedDataBackendGraph:  Pak pak cache file ../../../../../../Users/Niraj/Desktop/GitRepos/max/MaximumKilocity/DerivedDataCache/DDC.ddp not found, will not use a pak cache.
[2016.06.17-03.56.11:235][  0]LogDerivedDataCache: Unable to find inner node Pak for hierarchical cache Hierarchy.
[2016.06.17-03.56.11:235][  0]LogDerivedDataCache: FDerivedDataBackendGraph:  CompressedPak pak cache file ../../../../../../Users/Niraj/Desktop/GitRepos/max/MaximumKilocity/DerivedDataCache/Compressed.ddp not found, will not use a pak cache.
[2016.06.17-03.56.11:235][  0]LogDerivedDataCache: Unable to find inner node CompressedPak for hierarchical cache Hierarchy.
[2016.06.17-03.56.11:269][  0]LogDerivedDataCache:Display: Pak cache opened for reading ../../../Engine/DerivedDataCache/Compressed.ddp.
[2016.06.17-03.56.11:282][  0]LogDerivedDataCache: Using Local data cache path C:/Users/Niraj/AppData/Local/UnrealEngine/Common/DerivedDataCache: Writable
[2016.06.17-03.56.11:513][  0]LogInit: Selected Device Profile: [Windows]
[2016.06.17-03.56.11:514][  0]LogContentStreaming: Texture pool size is 0.00 MB
[2016.06.17-03.56.11:737][  0]LogMeshUtilities: No automatic mesh reduction module available
[2016.06.17-03.56.11:737][  0]LogMeshUtilities: No automatic mesh merging module available
[2016.06.17-03.56.11:738][  0]LogMeshUtilities: No distributed automatic mesh merging module available
[2016.06.17-03.56.12:034][  0]LogAssetRegistry: FAssetRegistry took 0.0242 seconds to start up
[2016.06.17-03.56.12:082][  0]LogPackageLocalizationCache: Processed 3 localized package path(s) for 2 prioritized culture(s) in 0.042753 seconds
[2016.06.17-03.56.12:090][  0]LogUObjectArray: 28739 objects as part of root set at end of initial load.
[2016.06.17-03.56.12:090][  0]LogUObjectAllocator: 5855624 out of 0 bytes used by permanent object pool.
[2016.06.17-03.56.12:090][  0]LogUObjectArray: CloseDisregardForGC: 0/0 objects in disregard for GC pool
[2016.06.17-03.56.12:101][  0]LogInit: WinSock: version 1.1 (2.2), MaxSocks=32767, MaxUdp=65467
[2016.06.17-03.56.12:434][  0]LogSlate: SlateFontCache - WITH_FREETYPE: 1, WITH_HARFBUZZ: 1
[2016.06.17-03.56.12:434][  0]LogSlate: SlateFontCache - WITH_FREETYPE: 1, WITH_HARFBUZZ: 1
[2016.06.17-03.56.13:318][  0]LogUdpMessaging: Initializing bridge on interface 0.0.0.0:0 to multicast group 230.0.0.1:6666.
[2016.06.17-03.56.13:832][  0]SourceControl: Info Source control is disabled
[2016.06.17-03.56.14:787][  0]LogEngine: Initializing Engine...
[2016.06.17-03.56.14:790][  0]LogHMD: SteamVR failed to initialize.  Err: 110
[2016.06.17-03.56.14:794][  0]LogHMD: SteamVR failed to initialize.  Err: 110
[2016.06.17-03.56.14:960][  0]LogAIModule: Creating AISystem for world NewWorld
[2016.06.17-03.56.14:973][  0]LogInit: XAudio2 using 'Speakers (Realtek High Definition Audio)' : 2 channels at 48 kHz using 32 bits per sample (channel mask 0x3)
[2016.06.17-03.56.15:072][  0]LogInit: FAudioDevice initialized.
[2016.06.17-03.56.15:112][  0]LogDerivedDataCache: Saved boot cache 0.04s 57MB C:/Users/Niraj/AppData/Local/UnrealEngine/4.12/DerivedDataCache/Boot.ddc.
[2016.06.17-03.56.15:124][  0]LogInit: Texture streaming: Enabled
[2016.06.17-03.56.15:175][  0]LogInit: Transaction tracking system initialized
[2016.06.17-03.56.15:229][  0]BlueprintLog: New page: Editor Load
[2016.06.17-03.56.15:439][  0]LocalizationService: Info Localization service is disabled
[2016.06.17-03.56.15:559][  0]LogConsoleResponse:Display: 
[2016.06.17-03.56.15:690][  0]LogCook:Display: Max memory allowance for cook 8192mb
[2016.06.17-03.56.15:690][  0]LogCook:Display: Mobile HDR setting 1
[2016.06.17-03.56.16:043][  0]LogFileCache: Scanning file cache for directory 'C:/Users/Niraj/Desktop/GitRepos/max/MaximumKilocity/Content/' took 0.02s
[2016.06.17-03.56.16:043][  0]Cmd: MAP LOAD FILE="../../../../../../Users/Niraj/Desktop/GitRepos/max/MaximumKilocity/Content/ThirdPersonCPP/Maps/ThirdPersonExampleMap.umap" TEMPLATE=0 SHOWPROGRESS=1 FEATURELEVEL=3
[2016.06.17-03.56.16:043][  0]LightingResults: New page: Lighting Build
[2016.06.17-03.56.16:048][  0]MapCheck: New page: Map Check
[2016.06.17-03.56.16:048][  0]LightingResults: New page: Lighting Build
[2016.06.17-03.56.16:260][  0]LogAIModule: Creating AISystem for world ThirdPersonExampleMap
[2016.06.17-03.56.16:273][  0]LogEditorServer: Finished looking for orphan Actors (0.000 secs)
[2016.06.17-03.56.16:274][  0]Cmd: MAP CHECKDEP NOCLEARLOG
[2016.06.17-03.56.16:339][  0]MapCheck: Info Map check complete: 0 Error(s), 0 Warning(s), took 64.528ms to complete.
[2016.06.17-03.56.16:339][  0]LogFileHelpers: Loading map 'ThirdPersonExampleMap' took 0.297
[2016.06.17-03.56.16:567][  0]LogCollectionManager: Loaded 0 collections in 0.002932 seconds
[2016.06.17-03.56.16:615][  0]LogFileCache: Scanning file cache for directory 'C:/Users/Niraj/Desktop/GitRepos/max/MaximumKilocity/Saved/Collections/' took 0.01s
[2016.06.17-03.56.16:615][  0]LogFileCache: Scanning file cache for directory 'C:/Users/Niraj/Desktop/GitRepos/max/MaximumKilocity/Content/Developers/Niraj/Collections/' took 0.01s
[2016.06.17-03.56.16:615][  0]LogFileCache: Scanning file cache for directory 'C:/Users/Niraj/Desktop/GitRepos/max/MaximumKilocity/Content/Collections/' took 0.01s
[2016.06.17-03.56.16:615][  0]LogCollectionManager: Rebuilt the GUID cache for 0 collections in 0.000004 seconds
[2016.06.17-03.56.16:629][  0]LogContentBrowser: Native class hierarchy populated in 0.0136 seconds. Added 2051 classes and 372 folders.
[2016.06.17-03.56.16:634][  0]LogStats: UGameplayTagsManager::ConstructGameplayTagTree: Construct from data asset -  0.000 s
[2016.06.17-03.56.16:634][  0]LogStats: UGameplayTagsManager::ConstructGameplayTagTree: GameplayTagTreeChangedEvent.Broadcast -  0.000 s
[2016.06.17-03.56.16:637][  0]LogContentBrowser: Native class hierarchy updated for 'GameplayTags' in 0.0028 seconds. Added 12 classes and 0 folders.
[2016.06.17-03.56.16:645][  0]LogContentBrowser: Native class hierarchy updated for 'WidgetCarousel' in 0.0026 seconds. Added 0 classes and 0 folders.
[2016.06.17-03.56.16:694][  0]LogContentBrowser: Native class hierarchy updated for 'AddContentDialog' in 0.0027 seconds. Added 0 classes and 0 folders.
[2016.06.17-03.56.16:705][  0]LogContentBrowser: Native class hierarchy updated for 'SceneOutliner' in 0.0033 seconds. Added 1 classes and 2 folders.
[2016.06.17-03.56.16:723][  0]LogCrashTracker: Crashtracker disabled due to settings.
[2016.06.17-03.56.16:741][  0]LogWindowsTextInputMethodSystem:Display: IME system now deactivated.
[2016.06.17-03.56.16:810][  0]LogContentBrowser: Native class hierarchy updated for 'HierarchicalLODOutliner' in 0.0046 seconds. Added 1 classes and 2 folders.
[2016.06.17-03.56.16:811][  0]LogLoad: Full Startup: 10.12 seconds (BP compile: 0.07 seconds)
[2016.06.17-03.56.16:811][  0]LogExternalProfiler: Found external profiler: VSPerf
[2016.06.17-03.56.16:811][  0]LogExternalProfiler: Using external profiler: VSPerf
[2016.06.17-03.56.16:829][  0]LogOcInput: OculusInput pre-init called
[2016.06.17-03.56.16:851][  0]SourceControl: Info On branch master
[2016.06.17-03.56.16:851][  0]SourceControl: Info Your branch is ahead of 'origin/master' by 1 commit.
[2016.06.17-03.56.16:851][  0]SourceControl: Info   (use "git push" to publish your local commits)
[2016.06.17-03.56.16:851][  0]SourceControl: Info Changes to be committed:
[2016.06.17-03.56.16:852][  0]SourceControl: Info   (use "git reset HEAD <file>..." to unstage)
[2016.06.17-03.56.16:852][  0]SourceControl: Info 	new file:   MaximumKilocity/Source/MaximumKilocity/Public/TestActorComponent.h
[2016.06.17-03.56.16:852][  0]SourceControl: Info Changes not staged for commit:
[2016.06.17-03.56.16:852][  0]SourceControl: Info   (use "git add <file>..." to update what will be committed)
[2016.06.17-03.56.16:852][  0]SourceControl: Info   (use "git checkout -- <file>..." to discard changes in working directory)
[2016.06.17-03.56.16:852][  0]SourceControl: Info 	modified:   MaximumKilocity/Binaries/Win64/MaximumKilocityEditor.target
[2016.06.17-03.56.16:852][  0]SourceControl: Info 	modified:   MaximumKilocity/Binaries/Win64/UE4Editor-MaximumKilocity.pdb
[2016.06.17-03.56.16:852][  0]SourceControl: Info 	modified:   MaximumKilocity/Binaries/Win64/UE4Editor.modules
[2016.06.17-03.56.16:852][  0]SourceControl: Info 	modified:   MaximumKilocity/Intermediate/Build/ActionHistory.bin
[2016.06.17-03.56.16:852][  0]SourceControl: Info 	modified:   MaximumKilocity/Intermediate/Build/Win64/MaximumKilocityEditor/DependencyCache.bin
[2016.06.17-03.56.16:852][  0]SourceControl: Info 	modified:   MaximumKilocity/Intermediate/Build/Win64/MaximumKilocityEditor/Development/MaximumKilocityEditor.uhtmanifest
[2016.06.17-03.56.16:852][  0]SourceControl: Info 	modified:   MaximumKilocity/Intermediate/Build/Win64/UE4Editor/Development/MaximumKilocity/PCH.MaximumKilocity.h.cpp
[2016.06.17-03.56.16:852][  0]SourceControl: Info 	modified:   MaximumKilocity/Intermediate/Build/Win64/UE4Editor/Development/UE4Editor-MaximumKilocity.dll.response
[2016.06.17-03.56.16:852][  0]SourceControl: Info 	modified:   MaximumKilocity/Intermediate/Build/Win64/UE4Editor/Development/UE4Editor-MaximumKilocity.exp
[2016.06.17-03.56.16:852][  0]SourceControl: Info 	modified:   MaximumKilocity/Intermediate/Build/Win64/UE4Editor/Inc/MaximumKilocity/MaximumKilocity.generated.cpp
[2016.06.17-03.56.16:853][  0]SourceControl: Info 	modified:   MaximumKilocity/Intermediate/Build/Win64/UE4Editor/Inc/MaximumKilocity/MaximumKilocity.generated.dep.h
[2016.06.17-03.56.16:853][  0]SourceControl: Info 	modified:   MaximumKilocity/Intermediate/Build/Win64/UE4Editor/Inc/MaximumKilocity/MaximumKilocityCharacter.generated.h
[2016.06.17-03.56.16:853][  0]SourceControl: Info 	modified:   MaximumKilocity/Intermediate/Build/Win64/UE4Editor/Inc/MaximumKilocity/MaximumKilocityClasses.h
[2016.06.17-03.56.16:853][  0]SourceControl: Info 	modified:   MaximumKilocity/Intermediate/Build/Win64/UE4Editor/Inc/MaximumKilocity/MaximumKilocityGameMode.generated.h
[2016.06.17-03.56.16:853][  0]SourceControl: Info 	modified:   MaximumKilocity/Intermediate/Build/Win64/UE4Editor/Inc/MaximumKilocity/Timestamp
[2016.06.17-03.56.16:853][  0]SourceControl: Info 	modified:   MaximumKilocity/Intermediate/CachedAssetRegistry.bin
[2016.06.17-03.56.16:853][  0]SourceControl: Info 	modified:   MaximumKilocity/Intermediate/Config/CoalescedSourceConfigs/Compat.ini
[2016.06.17-03.56.16:853][  0]SourceControl: Info 	modified:   MaximumKilocity/Intermediate/Config/CoalescedSourceConfigs/DeviceProfiles.ini
[2016.06.17-03.56.16:853][  0]SourceControl: Info 	modified:   MaximumKilocity/Intermediate/Config/CoalescedSourceConfigs/Editor.ini
[2016.06.17-03.56.16:853][  0]SourceControl: Info 	modified:   MaximumKilocity/Intermediate/Config/CoalescedSourceConfigs/EditorKeyBindings.ini
[2016.06.17-03.56.16:853][  0]SourceControl: Info 	modified:   MaximumKilocity/Intermediate/Config/CoalescedSourceConfigs/EditorPerProjectUserSettings.ini
[2016.06.17-03.56.16:853][  0]SourceControl: Info 	modified:   MaximumKilocity/Intermediate/Config/CoalescedSourceConfigs/EditorSettings.ini
[2016.06.17-03.56.16:853][  0]SourceControl: Info 	modified:   MaximumKilocity/Intermediate/Config/CoalescedSourceConfigs/Engine.ini
[2016.06.17-03.56.16:854][  0]SourceControl: Info 	modified:   MaximumKilocity/Intermediate/Config/CoalescedSourceConfigs/Game.ini
[2016.06.17-03.56.16:854][  0]SourceControl: Info 	modified:   MaximumKilocity/Intermediate/Config/CoalescedSourceConfigs/Hardware.ini
[2016.06.17-03.56.16:854][  0]SourceControl: Info 	modified:   MaximumKilocity/Intermediate/Config/CoalescedSourceConfigs/Input.ini
[2016.06.17-03.56.16:854][  0]SourceControl: Info 	modified:   MaximumKilocity/Intermediate/Config/CoalescedSourceConfigs/Lightmass.ini
[2016.06.17-03.56.16:854][  0]SourceControl: Info 	modified:   MaximumKilocity/Intermediate/Config/CoalescedSourceConfigs/Scalability.ini
[2016.06.17-03.56.16:854][  0]SourceControl: Info 	modified:   MaximumKilocity/Intermediate/ProjectFiles/MaximumKilocity.vcxproj
[2016.06.17-03.56.16:854][  0]SourceControl: Info 	modified:   MaximumKilocity/Intermediate/ProjectFiles/MaximumKilocity.vcxproj.filters
[2016.06.17-03.56.16:854][  0]SourceControl: Info 	modified:   MaximumKilocity/MaximumKilocity.uproject
[2016.06.17-03.56.16:854][  0]SourceControl: Info 	modified:   MaximumKilocity/Saved/Autosaves/PackageRestoreData.json
[2016.06.17-03.56.16:854][  0]SourceControl: Info 	modified:   MaximumKilocity/Saved/Config/Windows/Compat.ini
[2016.06.17-03.56.16:854][  0]SourceControl: Info 	modified:   MaximumKilocity/Saved/Config/Windows/DeviceProfiles.ini
[2016.06.17-03.56.16:854][  0]SourceControl: Info 	modified:   MaximumKilocity/Saved/Config/Windows/Editor.ini
[2016.06.17-03.56.16:854][  0]SourceControl: Info 	modified:   MaximumKilocity/Saved/Config/Windows/EditorPerProjectUserSettings.ini
[2016.06.17-03.56.16:854][  0]SourceControl: Info 	modified:   MaximumKilocity/Saved/Config/Windows/Engine.ini
[2016.06.17-03.56.16:855][  0]SourceControl: Info 	modified:   MaximumKilocity/Saved/Config/Windows/Game.ini
[2016.06.17-03.56.16:855][  0]SourceControl: Info 	modified:   MaximumKilocity/Saved/Config/Windows/GameUserSettings.ini
[2016.06.17-03.56.16:855][  0]SourceControl: Info 	modified:   MaximumKilocity/Saved/Config/Windows/GameplayTags.ini
[2016.06.17-03.56.16:855][  0]SourceControl: Info 	modified:   MaximumKilocity/Saved/Config/Windows/Hardware.ini
[2016.06.17-03.56.16:855][  0]SourceControl: Info 	modified:   MaximumKilocity/Saved/Config/Windows/Input.ini
[2016.06.17-03.56.16:855][  0]SourceControl: Info 	modified:   MaximumKilocity/Saved/Config/Windows/InternationalizationExport.ini
[2016.06.17-03.56.16:855][  0]SourceControl: Info 	modified:   MaximumKilocity/Saved/Config/Windows/Lightmass.ini
[2016.06.17-03.56.16:855][  0]SourceControl: Info 	modified:   MaximumKilocity/Saved/Config/Windows/LocalizationServiceSettings.ini
[2016.06.17-03.56.16:855][  0]SourceControl: Info 	modified:   MaximumKilocity/Saved/Config/Windows/Scalability.ini
[2016.06.17-03.56.16:855][  0]SourceControl: Info 	modified:   MaximumKilocity/Saved/Config/Windows/SourceControlSettings.ini
[2016.06.17-03.56.16:855][  0]SourceControl: Info 	modified:   MaximumKilocity/Saved/Config/Windows/TemplateDefs.ini
[2016.06.17-03.56.16:855][  0]SourceControl: Info 	modified:   MaximumKilocity/Saved/Config/Windows/TranslationPickerSettings.ini
[2016.06.17-03.56.16:855][  0]SourceControl: Info 	modified:   MaximumKilocity/Saved/Logs/MaximumKilocity.log
[2016.06.17-03.56.16:856][  0]SourceControl: Info Untracked files:
[2016.06.17-03.56.16:856][  0]SourceControl: Info   (use "git add <file>..." to include in what will be committed)
[2016.06.17-03.56.16:856][  0]SourceControl: Info 	MaximumKilocity/Intermediate/Build/Unused/
[2016.06.17-03.56.16:856][  0]SourceControl: Info 	MaximumKilocity/Intermediate/Build/Win64/MaximumKilocityEditor/Development/Makefile.ubt
[2016.06.17-03.56.16:856][  0]SourceControl: Info 	MaximumKilocity/Intermediate/Build/Win64/MaximumKilocityEditor/FlatCPPIncludes.bin
[2016.06.17-03.56.16:856][  0]SourceControl: Info 	MaximumKilocity/Intermediate/Build/Win64/UE4Editor/Inc/MaximumKilocity/BulletActorComponent.generated.h
[2016.06.17-03.56.16:856][  0]SourceControl: Info 	MaximumKilocity/Intermediate/Build/Win64/UE4Editor/Inc/MaximumKilocity/TestActorComponent.generated.h
[2016.06.17-03.56.16:856][  0]SourceControl: Info 	MaximumKilocity/Saved/AutoScreenshot.png
[2016.06.17-03.56.16:856][  0]SourceControl: Info 	MaximumKilocity/Saved/Autosaves/Game/
[2016.06.17-03.56.16:856][  0]SourceControl: Info 	MaximumKilocity/Saved/Backup/ThirdPersonCharacter_2016-06-16-20-27-16.uasset
[2016.06.17-03.56.16:856][  0]SourceControl: Info 	MaximumKilocity/Saved/Logs/MaximumKilocity-backup-2016.06.16-20.08.19.log
[2016.06.17-