Log file open, 06/16/16 20:08:19
LogInit:Display: Running engine for game: MaximumKilocity
LogPlatformFile: Not using cached read wrapper
LogInit:Display: RandInit(980659270) SRandInit(980659272).
LogTaskGraph: Started task graph with 4 named threads and 7 total threads with 1 sets of task threads.
LogStats: Stats thread started at 0.654874
LogInit: Version: 4.12.2-3005592+++UE4+Release-4.12
LogInit: API Version: 2992821
LogInit: Net Version: 3005592
LogDevObjectVersion: Number of dev versions registered: 13
LogDevObjectVersion:   Dev-Blueprints (B0D832E4-1F89-4F0D-ACCF-7EB736FD4AA2): 3
LogDevObjectVersion:   Dev-Build (E1C64328-A22C-4D53-A36C-8E866417BD8C): 0
LogDevObjectVersion:   Dev-Core (375EC13C-06E4-48FB-B500-84F0262A717E): 1
LogDevObjectVersion:   Dev-Editor (E4B068ED-F494-42E9-A231-DA0B2E46BB41): 2
LogDevObjectVersion:   Dev-Framework (CFFC743F-43B0-4480-9391-14DF171D2073): 6
LogDevObjectVersion:   Dev-Mobile (B02B49B5-BB20-44E9-A304-32B752E40360): 0
LogDevObjectVersion:   Dev-Networking (A4E4105C-59A1-49B5-A7C5-40C4547EDFEE): 0
LogDevObjectVersion:   Dev-Online (39C831C9-5AE6-47DC-9A44-9C173E1C8E7C): 0
LogDevObjectVersion:   Dev-Physics (78F01B33-EBEA-4F98-B9B4-84EACCB95AA2): 0
LogDevObjectVersion:   Dev-Platform (6631380F-2D4D-43E0-8009-CF276956A95A): 0
LogDevObjectVersion:   Dev-Rendering (12F88B9F-8875-4AFC-A67C-D90C383ABD29): 2
LogDevObjectVersion:   Dev-Sequencer (7B5AE74C-D270-4C10-A958-57980B212A5A): 0
LogDevObjectVersion:   Dev-VR (D7296918-1DD6-4BDD-9DE2-64A83CC13884): 0
LogInit: Compiled (64-bit): Jun  8 2016 08:57:49
LogInit: Compiled with Visual C++: 19.00.23026.00
LogInit: Build Configuration: Development
LogInit: Branch Name: ++UE4+Release-4.12
LogInit: Command line: 
LogInit: Base directory: C:/Program Files (x86)/Epic Games/4.12/Engine/Binaries/Win64/
LogInit: Installed Engine Build: 1
LogInit: Using libcurl 7.41.0
LogInit:  - built for x86_64-pc-win32
LogInit:  - supports SSL with WinSSL
LogInit:  - other features:
LogInit:      CURL_VERSION_SSL
LogInit:      CURL_VERSION_IPV6
LogInit:      CURL_VERSION_ASYNCHDNS
LogInit:      CURL_VERSION_LARGEFILE
LogInit:      CURL_VERSION_IDN
LogInit:  CurlRequestOptions (configurable via config and command line):
LogInit:  - bVerifyPeer = true  - Libcurl will verify peer certificate
LogInit:  - bUseHttpProxy = false  - Libcurl will NOT use HTTP proxy
LogInit:  - bDontReuseConnections = false  - Libcurl will reuse connections
LogInit:  - CertBundlePath = nullptr  - Libcurl will use whatever was configured at build time.
LogInit: Presizing for max 8388607 objects, including 0 objects not considered by GC, pre-allocating 0 bytes for permanent pool.
LogInit: Object subsystem initialized
[2016.06.17-03.08.19:578][  0]LogInit: Selected Device Profile: [Windows]
[2016.06.17-03.08.19:578][  0]LogInit: Applying CVar settings loaded from the selected device profile: [Windows]
[2016.06.17-03.08.19:600][  0]LogInit: Computer: NV-PC
[2016.06.17-03.08.19:600][  0]LogInit: User: Niraj
[2016.06.17-03.08.19:600][  0]LogInit: CPU Page size=65536, Cores=4
[2016.06.17-03.08.19:600][  0]LogInit: High frequency timer resolution =2.533210 MHz
[2016.06.17-03.08.19:601][  0]LogMemory: Memory total: Physical=15.9GB (16GB approx)
[2016.06.17-03.08.19:601][  0]LogMemory: Platform Memory Stats for Windows
[2016.06.17-03.08.19:601][  0]LogMemory: Process Physical Memory: 190.62 MB used, 190.62 MB peak
[2016.06.17-03.08.19:601][  0]LogMemory: Process Virtual Memory: 195.51 MB used, 195.51 MB peak
[2016.06.17-03.08.19:601][  0]LogMemory: Physical Memory: 6990.03 MB used, 16296.27 MB total
[2016.06.17-03.08.19:601][  0]LogMemory: Virtual Memory: 555.23 MB used, 134217728.00 MB total
[2016.06.17-03.08.21:306][  0]LogTextLocalizationManager: No specific translations for ('en-US') exist, so ('en') translations will be used.
[2016.06.17-03.08.21:932][  0]LogD3D11RHI: D3D11 adapters:
[2016.06.17-03.08.21:992][  0]LogD3D11RHI:    0. 'NVIDIA GeForce GTX 960M' (Feature Level 11_0)
[2016.06.17-03.08.21:992][  0]LogD3D11RHI:       4036/0/8148 MB DedicatedVideo/DedicatedSystem/SharedSystem, Outputs:1, VendorId:0x10de
[2016.06.17-03.08.22:010][  0]LogD3D11RHI:    1. 'Intel(R) HD Graphics 4600' (Feature Level 11_0)
[2016.06.17-03.08.22:010][  0]LogD3D11RHI:       112/0/8148 MB DedicatedVideo/DedicatedSystem/SharedSystem, Outputs:0, VendorId:0x8086
[2016.06.17-03.08.22:270][  0]LogD3D11RHI:    2. 'Microsoft Basic Render Driver' (Feature Level 11_0)
[2016.06.17-03.08.22:270][  0]LogD3D11RHI:       0/0/8148 MB DedicatedVideo/DedicatedSystem/SharedSystem, Outputs:0, VendorId:0x1414
[2016.06.17-03.08.22:270][  0]LogD3D11RHI: Chosen D3D11 Adapter: 0
[2016.06.17-03.08.22:279][  0]LogD3D11RHI: Creating new Direct3DDevice
[2016.06.17-03.08.22:279][  0]LogD3D11RHI:     GPU DeviceId: 0x139b (for the marketing name, search the web for "GPU Device Id")
[2016.06.17-03.08.22:279][  0]LogWindows: EnumDisplayDevices:
[2016.06.17-03.08.22:279][  0]LogWindows:    0. 'Intel(R) HD Graphics 4600' (P:1 D:1)
[2016.06.17-03.08.22:279][  0]LogWindows:    1. 'Intel(R) HD Graphics 4600' (P:0 D:0)
[2016.06.17-03.08.22:280][  0]LogWindows:    2. 'Intel(R) HD Graphics 4600' (P:0 D:0)
[2016.06.17-03.08.22:280][  0]LogWindows: DebugString: PrimaryIsNotTheChoosenAdapter PrimaryIsNotTheChoosenAdapter PrimaryIsNotTheChoosenAdapter FoundDriverCount:0 
[2016.06.17-03.08.22:280][  0]LogD3D11RHI:     Adapter Name: NVIDIA GeForce GTX 960M
[2016.06.17-03.08.22:280][  0]LogD3D11RHI:   Driver Version: Unknown (internal:Unknown, unified:Unknown)
[2016.06.17-03.08.22:280][  0]LogD3D11RHI:      Driver Date: Unknown
[2016.06.17-03.08.22:280][  0]LogRHI: Texture pool is 1361 MB (70% of 1945 MB)
[2016.06.17-03.08.22:296][  0]LogD3D11RHI: Async texture creation enabled
[2016.06.17-03.08.22:307][  0]LogD3D11RHI: GPU Timing Frequency: 1000.000000 (Debug: 2 1)
[2016.06.17-03.08.22:308][  0]LogShaderCompilers: Guid format shader working directory is -20 characters bigger than the processId version (../../../../../../Users/Niraj/Desktop/GitRepos/max/MaximumKilocity/Intermediate/Shaders/WorkingDirectory/7928/).
[2016.06.17-03.08.22:308][  0]LogShaderCompilers: Cleaned the shader compiler working directory 'C:/Users/Niraj/AppData/Local/Temp/UnrealShaderWorkingDir/F874827D41CF9449B0439A9041964CD9/'.
[2016.06.17-03.08.22:308][  0]LogShaderCompilers:Display: Using Local Shader Compiler.
[2016.06.17-03.08.25:653][  0]LogTemp:Display: Loaded TP AllDesktopTargetPlatform
[2016.06.17-03.08.25:666][  0]LogTemp:Display: Loaded TP WindowsClientTargetPlatform
[2016.06.17-03.08.25:679][  0]LogTemp:Display: Loaded TP WindowsNoEditorTargetPlatform
[2016.06.17-03.08.25:693][  0]LogTemp:Display: Loaded TP WindowsServerTargetPlatform
[2016.06.17-03.08.25:705][  0]LogTemp:Display: Loaded TP WindowsTargetPlatform
[2016.06.17-03.08.25:720][  0]LogTemp:Display: Loaded TP AndroidTargetPlatform
[2016.06.17-03.08.25:731][  0]LogTemp:Display: Loaded TP Android_ASTCTargetPlatform
[2016.06.17-03.08.25:743][  0]LogTemp:Display: Loaded TP Android_ATCTargetPlatform
[2016.06.17-03.08.25:754][  0]LogTemp:Display: Loaded TP Android_DXTTargetPlatform
[2016.06.17-03.08.25:764][  0]LogTemp:Display: Loaded TP Android_ETC1TargetPlatform
[2016.06.17-03.08.25:775][  0]LogTemp:Display: Loaded TP Android_ETC2TargetPlatform
[2016.06.17-03.08.25:798][  0]LogTemp:Display: Loaded TP Android_MultiTargetPlatform
[2016.06.17-03.08.25:798][  0]LogTemp:Display: Loaded TP Android_PVRTCTargetPlatform
[2016.06.17-03.08.25:801][  0]LogTemp:Display: Loaded TP HTML5TargetPlatform
[2016.06.17-03.08.25:922][  0]LogTemp:Display: Loaded TP IOSTargetPlatform
[2016.06.17-03.08.25:932][  0]LogTemp:Display: Loaded TP TVOSTargetPlatform
[2016.06.17-03.08.25:943][  0]LogTemp:Display: Loaded TP LinuxNoEditorTargetPlatform
[2016.06.17-03.08.25:955][  0]LogTemp:Display: Loaded TP LinuxServerTargetPlatform
[2016.06.17-03.08.25:991][  0]LogTemp:Display: Loaded TP LinuxTargetPlatform
[2016.06.17-03.08.25:991][  0]LogTargetPlatformManager:Display: Building Assets For Windows
[2016.06.17-03.08.26:783][  0]LogDerivedDataCache:Display: Max Cache Size: 512 MB
[2016.06.17-03.08.27:590][  0]LogDerivedDataCache: Loaded boot cache 0.81s 70MB C:/Users/Niraj/AppData/Local/UnrealEngine/4.12/DerivedDataCache/Boot.ddc.
[2016.06.17-03.08.27:590][  0]LogDerivedDataCache:Display: Loaded Boot cache: C:/Users/Niraj/AppData/Local/UnrealEngine/4.12/DerivedDataCache/Boot.ddc
[2016.06.17-03.08.27:590][  0]LogDerivedDataCache: FDerivedDataBackendGraph:  Pak pak cache file ../../../../../../Users/Niraj/Desktop/GitRepos/max/MaximumKilocity/DerivedDataCache/DDC.ddp not found, will not use a pak cache.
[2016.06.17-03.08.27:590][  0]LogDerivedDataCache: Unable to find inner node Pak for hierarchical cache Hierarchy.
[2016.06.17-03.08.27:591][  0]LogDerivedDataCache: FDerivedDataBackendGraph:  CompressedPak pak cache file ../../../../../../Users/Niraj/Desktop/GitRepos/max/MaximumKilocity/DerivedDataCache/Compressed.ddp not found, will not use a pak cache.
[2016.06.17-03.08.27:591][  0]LogDerivedDataCache: Unable to find inner node CompressedPak for hierarchical cache Hierarchy.
[2016.06.17-03.08.27:616][  0]LogDerivedDataCache:Display: Pak cache opened for reading ../../../Engine/DerivedDataCache/Compressed.ddp.
[2016.06.17-03.08.27:630][  0]LogDerivedDataCache: Using Local data cache path C:/Users/Niraj/AppData/Local/UnrealEngine/Common/DerivedDataCache: Writable
[2016.06.17-03.08.35:870][  0]LogInit: Selected Device Profile: [Windows]
[2016.06.17-03.08.35:871][  0]LogContentStreaming: Texture pool size is 0.00 MB
[2016.06.17-03.08.36:419][  0]LogMeshUtilities: No automatic mesh reduction module available
[2016.06.17-03.08.36:420][  0]LogMeshUtilities: No automatic mesh merging module available
[2016.06.17-03.08.36:420][  0]LogMeshUtilities: No distributed automatic mesh merging module available
[2016.06.17-03.08.37:143][  0]LogAssetRegistry: FAssetRegistry took 0.0241 seconds to start up
[2016.06.17-03.08.37:190][  0]LogPackageLocalizationCache: Processed 3 localized package path(s) for 2 prioritized culture(s) in 0.042626 seconds
[2016.06.17-03.08.37:199][  0]LogUObjectArray: 28739 objects as part of root set at end of initial load.
[2016.06.17-03.08.37:199][  0]LogUObjectAllocator: 5855624 out of 0 bytes used by permanent object pool.
[2016.06.17-03.08.37:200][  0]LogUObjectArray: CloseDisregardForGC: 0/0 objects in disregard for GC pool
[2016.06.17-03.08.37:267][  0]LogInit: WinSock: version 1.1 (2.2), MaxSocks=32767, MaxUdp=65467
[2016.06.17-03.08.38:008][  0]LogSlate: SlateFontCache - WITH_FREETYPE: 1, WITH_HARFBUZZ: 1
[2016.06.17-03.08.38:008][  0]LogSlate: SlateFontCache - WITH_FREETYPE: 1, WITH_HARFBUZZ: 1
[2016.06.17-03.08.47:301][  0]LogUdpMessaging: Initializing bridge on interface 0.0.0.0:0 to multicast group 230.0.0.1:6666.
[2016.06.17-03.08.48:279][  0]SourceControl: Info Source control is disabled
[2016.06.17-03.08.50:057][  0]LogEngine: Initializing Engine...
[2016.06.17-03.08.50:164][  0]LogHMD: SteamVR failed to initialize.  Err: 110
[2016.06.17-03.08.50:167][  0]LogHMD: SteamVR failed to initialize.  Err: 110
[2016.06.17-03.08.50:492][  0]LogAIModule: Creating AISystem for world NewWorld
[2016.06.17-03.08.50:503][  0]LogInit: XAudio2 using 'Speakers (Realtek High Definition Audio)' : 2 channels at 48 kHz using 32 bits per sample (channel mask 0x3)
[2016.06.17-03.08.50:544][  0]LogInit: FAudioDevice initialized.
[2016.06.17-03.08.50:584][  0]LogDerivedDataCache: Saved boot cache 0.04s 70MB C:/Users/Niraj/AppData/Local/UnrealEngine/4.12/DerivedDataCache/Boot.ddc.
[2016.06.17-03.08.50:591][  0]LogInit: Texture streaming: Enabled
[2016.06.17-03.08.50:637][  0]LogInit: Transaction tracking system initialized
[2016.06.17-03.08.51:050][  0]BlueprintLog: New page: Editor Load
[2016.06.17-03.08.51:279][  0]LocalizationService: Info Localization service is disabled
[2016.06.17-03.08.51:699][  0]LogConsoleResponse:Display: 
[2016.06.17-03.08.52:660][  0]LogCook:Display: Max memory allowance for cook 8192mb
[2016.06.17-03.08.52:660][  0]LogCook:Display: Mobile HDR setting 1
[2016.06.17-03.08.52:837][  0]LogFileCache: Scanning file cache for directory 'C:/Users/Niraj/Desktop/GitRepos/max/MaximumKilocity/Content/' took 0.02s
[2016.06.17-03.08.53:364][  0]Cmd: MAP LOAD FILE="../../../../../../Users/Niraj/Desktop/GitRepos/max/MaximumKilocity/Content/ThirdPersonCPP/Maps/ThirdPersonExampleMap.umap" TEMPLATE=0 SHOWPROGRESS=1 FEATURELEVEL=3
[2016.06.17-03.08.53:364][  0]LightingResults: New page: Lighting Build
[2016.06.17-03.08.53:377][  0]MapCheck: New page: Map Check
[2016.06.17-03.08.53:378][  0]LightingResults: New page: Lighting Build
[2016.06.17-03.08.53:765][  0]LogAIModule: Creating AISystem for world ThirdPersonExampleMap
[2016.06.17-03.08.54:055][  0]LogEditorServer: Finished looking for orphan Actors (0.000 secs)
[2016.06.17-03.08.54:056][  0]Cmd: MAP CHECKDEP NOCLEARLOG
[2016.06.17-03.08.54:106][  0]MapCheck: Info Map check complete: 0 Error(s), 0 Warning(s), took 50.382ms to complete.
[2016.06.17-03.08.54:106][  0]LogFileHelpers: Loading map 'ThirdPersonExampleMap' took 0.743
[2016.06.17-03.08.54:407][  0]LogCollectionManager: Loaded 0 collections in 0.003035 seconds
[2016.06.17-03.08.54:544][  0]LogFileCache: Scanning file cache for directory 'C:/Users/Niraj/Desktop/GitRepos/max/MaximumKilocity/Saved/Collections/' took 0.01s
[2016.06.17-03.08.54:544][  0]LogFileCache: Scanning file cache for directory 'C:/Users/Niraj/Desktop/GitRepos/max/MaximumKilocity/Content/Developers/Niraj/Collections/' took 0.01s
[2016.06.17-03.08.54:544][  0]LogFileCache: Scanning file cache for directory 'C:/Users/Niraj/Desktop/GitRepos/max/MaximumKilocity/Content/Collections/' took 0.01s
[2016.06.17-03.08.54:544][  0]LogCollectionManager: Rebuilt the GUID cache for 0 collections in 0.000003 seconds
[2016.06.17-03.08.54:554][  0]LogContentBrowser: Native class hierarchy populated in 0.0099 seconds. Added 2050 classes and 371 folders.
[2016.06.17-03.08.54:565][  0]LogStats: UGameplayTagsManager::ConstructGameplayTagTree: Construct from data asset -  0.000 s
[2016.06.17-03.08.54:565][  0]LogStats: UGameplayTagsManager::ConstructGameplayTagTree: GameplayTagTreeChangedEvent.Broadcast -  0.000 s
[2016.06.17-03.08.54:568][  0]LogContentBrowser: Native class hierarchy updated for 'GameplayTags' in 0.0026 seconds. Added 12 classes and 0 folders.
[2016.06.17-03.08.54:591][  0]LogContentBrowser: Native class hierarchy updated for 'WidgetCarousel' in 0.0017 seconds. Added 0 classes and 0 folders.
[2016.06.17-03.08.55:588][  0]LogContentBrowser: Native class hierarchy updated for 'AddContentDialog' in 0.0015 seconds. Added 0 classes and 0 folders.
[2016.06.17-03.08.55:595][  0]LogContentBrowser: Native class hierarchy updated for 'SceneOutliner' in 0.0016 seconds. Added 1 classes and 2 folders.
[2016.06.17-03.08.55:612][  0]LogCrashTracker: Crashtracker disabled due to settings.
[2016.06.17-03.08.55:919][  0]LogContentBrowser: Native class hierarchy updated for 'HierarchicalLODOutliner' in 0.0017 seconds. Added 1 classes and 2 folders.
[2016.06.17-03.08.55:919][  0]LogLoad: Full Startup: 44.33 seconds (BP compile: 0.14 seconds)
[2016.06.17-03.08.55:919][  0]LogExternalProfiler: Found external profiler: VSPerf
[2016.06.17-03.08.55:919][  0]LogExternalProfiler: Using external profiler: VSPerf
[2016.06.17-03.08.56:259][  0]LogOcInput: OculusInput pre-init called
[2016.06.17-03.08.56:278][  0]SourceControl: Info On branch master
[2016.06.17-03.08.56:278][  0]SourceControl: Info Your branch is ahead of 'origin/master' by 1 commit.
[2016.06.17-03.08.56:278][  0]SourceControl: Info   (use "git push" to publish your local commits)
[2016.06.17-03.08.56:278][  0]SourceControl: Info Changes not staged for commit:
[2016.06.17-03.08.56:278][  0]SourceControl: Info   (use "git add <file>..." to update what will be committed)
[2016.06.17-03.08.56:278][  0]SourceControl: Info   (use "git checkout -- <file>..." to discard changes in working directory)
[2016.06.17-03.08.56:278][  0]SourceControl: Info 	modified:   MaximumKilocity/Binaries/Win64/MaximumKilocityEditor.target
[2016.06.17-03.08.56:279][  0]SourceControl: Info 	modified:   MaximumKilocity/Binaries/Win64/UE4Editor-MaximumKilocity.pdb
[2016.06.17-03.08.56:279][  0]SourceControl: Info 	modified:   MaximumKilocity/Binaries/Win64/UE4Editor.modules
[2016.06.17-03.08.56:279][  0]SourceControl: Info 	modified:   MaximumKilocity/Intermediate/Build/Win64/MaximumKilocityEditor/DependencyCache.bin
[2016.06.17-03.08.56:279][  0]SourceControl: Info 	modified:   MaximumKilocity/Intermediate/Build/Win64/MaximumKilocityEditor/Development/MaximumKilocityEditor.uhtmanifest
[2016.06.17-03.08.56:279][  0]SourceControl: Info 	modified:   MaximumKilocity/Intermediate/Build/Win64/UE4Editor/Development/UE4Editor-MaximumKilocity.dll.response
[2016.06.17-03.08.56:279][  0]SourceControl: Info 	modified:   MaximumKilocity/Intermediate/Build/Win64/UE4Editor/Development/UE4Editor-MaximumKilocity.exp
[2016.06.17-03.08.56:279][  0]SourceControl: Info 	modified:   MaximumKilocity/Intermediate/Build/Win64/UE4Editor/Inc/MaximumKilocity/MaximumKilocity.generated.cpp
[2016.06.17-03.08.56:279][  0]SourceControl: Info 	modified:   MaximumKilocity/Intermediate/Build/Win64/UE4Editor/Inc/MaximumKilocity/MaximumKilocity.generated.dep.h
[2016.06.17-03.08.56:279][  0]SourceControl: Info 	modified:   MaximumKilocity/Intermediate/Build/Win64/UE4Editor/Inc/MaximumKilocity/Timestamp
[2016.06.17-03.08.56:279][  0]SourceControl: Info 	modified:   MaximumKilocity/Intermediate/CachedAssetRegistry.bin
[2016.06.17-03.08.56:279][  0]SourceControl: Info 	modified:   MaximumKilocity/Intermediate/Config/CoalescedSourceConfigs/Compat.ini
[2016.06.17-03.08.56:279][  0]SourceControl: Info 	modified:   MaximumKilocity/Intermediate/Config/CoalescedSourceConfigs/DeviceProfiles.ini
[2016.06.17-03.08.56:279][  0]SourceControl: Info 	modified:   MaximumKilocity/Intermediate/Config/CoalescedSourceConfigs/Editor.ini
[2016.06.17-03.08.56:279][  0]SourceControl: Info 	modified:   MaximumKilocity/Intermediate/Config/CoalescedSourceConfigs/EditorKeyBindings.ini
[2016.06.17-03.08.56:280][  0]SourceControl: Info 	modified:   MaximumKilocity/Intermediate/Config/CoalescedSourceConfigs/EditorPerProjectUserSettings.ini
[2016.06.17-03.08.56:280][  0]SourceControl: Info 	modified:   MaximumKilocity/Intermediate/Config/CoalescedSourceConfigs/EditorSettings.ini
[2016.06.17-03.08.56:280][  0]SourceControl: Info 	modified:   MaximumKilocity/Intermediate/Config/CoalescedSourceConfigs/Engine.ini
[2016.06.17-03.08.56:280][  0]SourceControl: Info 	modified:   MaximumKilocity/Intermediate/Config/CoalescedSourceConfigs/Game.ini
[2016.06.17-03.08.56:280][  0]SourceControl: Info 	modified:   MaximumKilocity/Intermediate/Config/CoalescedSourceConfigs/Hardware.ini
[2016.06.17-03.08.56:280][  0]SourceControl: Info 	modified:   MaximumKilocity/Intermediate/Config/CoalescedSourceConfigs/Input.ini
[2016.06.17-03.08.56:280][  0]SourceControl: Info 	modified:   MaximumKilocity/Intermediate/Config/CoalescedSourceConfigs/Lightmass.ini
[2016.06.17-03.08.56:280][  0]SourceControl: Info 	modified:   MaximumKilocity/Intermediate/Config/CoalescedSourceConfigs/Scalability.ini
[2016.06.17-03.08.56:280][  0]SourceControl: Info 	modified:   MaximumKilocity/Intermediate/ProjectFiles/MaximumKilocity.vcxproj
[2016.06.17-03.08.56:280][  0]SourceControl: Info 	modified:   MaximumKilocity/Intermediate/ProjectFiles/MaximumKilocity.vcxproj.filters
[2016.06.17-03.08.56:280][  0]SourceControl: Info 	modified:   MaximumKilocity/Saved/Autosaves/PackageRestoreData.json
[2016.06.17-03.08.56:280][  0]SourceControl: Info 	modified:   MaximumKilocity/Saved/Config/Windows/Compat.ini
[2016.06.17-03.08.56:280][  0]SourceControl: Info 	modified:   MaximumKilocity/Saved/Config/Windows/DeviceProfiles.ini
[2016.06.17-03.08.56:280][  0]SourceControl: Info 	modified:   MaximumKilocity/Saved/Config/Windows/Editor.ini
[2016.06.17-03.08.56:280][  0]SourceControl: Info 	modified:   MaximumKilocity/Saved/Config/Windows/EditorPerProjectUserSettings.ini
[2016.06.17-03.08.56:280][  0]SourceControl: Info 	modified:   MaximumKilocity/Saved/Config/Windows/Engine.ini
[2016.06.17-03.08.56:280][  0]SourceControl: Info 	modified:   MaximumKilocity/Saved/Config/Windows/Game.ini
[2016.06.17-03.08.56:281][  0]SourceControl: Info 	modified:   MaximumKilocity/Saved/Config/Windows/GameUserSettings.ini
[2016.06.17-03.08.56:281][  0]SourceControl: Info 	modified:   MaximumKilocity/Saved/Config/Windows/GameplayTags.ini
[2016.06.17-03.08.56:281][  0]SourceControl: Info 	modified:   MaximumKilocity/Saved/Config/Windows/Hardware.ini
[2016.06.17-03.08.56:281][  0]SourceControl: Info 	modified:   MaximumKilocity/Saved/Config/Windows/Input.ini
[2016.06.17-03.08.56:281][  0]SourceControl: Info 	modified:   MaximumKilocity/Saved/Config/Windows/InternationalizationExport.ini
[2016.06.17-03.08.56:281][  0]SourceControl: Info 	modified:   MaximumKilocity/Saved/Config/Windows/Lightmass.ini
[2016.06.17-03.08.56:281][  0]SourceControl: Info 	modified:   MaximumKilocity/Saved/Config/Windows/LocalizationServiceSettings.ini
[2016.06.17-03.08.56:281][  0]SourceControl: Info 	modified:   MaximumKilocity/Saved/Config/Windows/Scalability.ini
[2016.06.17-03.08.56:282][  0]SourceControl: Info 	modified:   MaximumKilocity/Saved/Config/Windows/SourceControlSettings.ini
[2016.06.17-03.08.56:282][  0]SourceControl: Info 	modified:   MaximumKilocity/Saved/Config/Windows/TemplateDefs.ini
[2016.06.17-03.08.56:282][  0]SourceControl: Info 	modified:   MaximumKilocity/Saved/Config/Windows/TranslationPickerSettings.ini
[2016.06.17-03.08.56:282][  0]SourceControl: Info 	modified:   MaximumKilocity/Saved/Logs/MaximumKilocity.log
[2016.06.17-03.08.56:282][  0]SourceControl: Info Untracked files:
[2016.06.17-03.08.56:283][  0]SourceControl: Info   (use "git add <file>..." to include in what will be committed)
[2016.06.17-03.08.56:283][  0]SourceControl: Info 	MaximumKilocity/Intermediate/Build/Unused/
[2016.06.17-03.08.56:283][  0]SourceControl: Info 	MaximumKilocity/Intermediate/Build/Win64/MaximumKilocityEditor/Development/Makefile.ubt
[2016.06.17-03.08.56:283][  0]SourceControl: Info 	MaximumKilocity/Intermediate/Build/Win64/MaximumKilocityEditor/FlatCPPIncludes.bin
[2016.06.17-03.08.56:283][  0]SourceControl: Info 	MaximumKilocity/Intermediate/Build/Win64/UE4Editor/Inc/MaximumKilocity/BulletActor.generated.h
[2016.06.17-03.08.56:283][  0]SourceControl: Info 	MaximumKilocity/Saved/AutoScreenshot.png
[2016.06.17-03.08.56:283][  0]SourceControl: Info 	MaximumKilocity/Saved/Logs/MaximumKilocity-backup-2016.06.16-20.08.19.log
[2016.06.17-03.08.56:283][  0]SourceControl: Info 	MaximumKilocity/Source/MaximumKilocity/BulletActor.h
[2016.06.17-03.08.56:283][  0]SourceControl: Info no changes added to commit (use "git add" and/or "git commit -a")
[2016.06.17-03.08.56:283][  0]LogContentStreaming: Texture pool size now 1000 MB
[2016.06.17-03.08.56:583][  0]LogRenderer: Reallocating scene render targets to support 1208x576 (Frame:2).
[2016.06.17-03.08.56:776][  1]LogAssetRegistry: Asset discovery search completed in 19.6569 seconds
[2016.06.17-03.08.56:776][  1]LogCollectionManager: Rebuilt the object cache for 0 collections in 0.000001 seconds (found 0 objects)
[2016.06.17-03.08.56:776][  1]LogCollectionManager: Fixed up redirectors for 0 collections in 0.000081 seconds (updated 0 objects)
[2016.06.17-03.12.34:569][807]LogTexture:Display: Building textures: CameraActor_64x (BGRA8)
[2016.06.17-03.12.34:628][807]LogTexture:Display: Building textures: BlueprintInterface_64x (BGRA8)
[2016.06.17-03.12.34:683][807]LogTexture:Display: Building textures: BlueprintMacroLibrary_64x (BGRA8)
[2016.06.17-03.12.34:932][807]LogTexture:Display: Building textures: IOS (BGRA8)
[2016.06.17-03.12.34:949][807]LogTexture:Display: Building textures: android_Icon (BGRA8)
[2016.06.17-03.12.34:958][807]LogTexture:Display: Building textures: Paper2DFlipbook_TutorialIcon (BGRA8)
[2016.06.17-03.15.30:470][402]LogContentBrowser: Native class hierarchy updated for 'TextureEditor' in 0.0016 seconds. Added 1 classes and 2 folders.
[2016.06.17-03.15.55:521][816]LogMaterial: Missing cached shader map for material Material_0, compiling. 
[2016.06.17-03.15.55:711][817]LogMaterial: Missing cached shader map for material Material_1, compiling. 
[2016.06.17-03.15.55:748][818]LogMaterial: Missing cached shader map for material Material_2, compiling. 
[2016.06.17-03.15.55:785][819]LogMaterial: Missing cached shader map for material Material_3, compiling. 
[2016.06.17-03.21.45:216][587]LogEditorViewport: Clicking on Actor (LMB): StaticMeshActor (Floor)
[2016.06.17-03.21.45:995][606]LogEditorViewport: Clicking on Actor (LMB): ThirdPersonCharacter_C (ThirdPersonCharacter)
[2016.06.17-03.21.53:757][999]LogContentBrowser: Native class hierarchy updated for 'BlueprintGraph' in 0.0021 seconds. Added 111 classes and 0 folders.
[2016.06.17-03.21.54:758][999]LogTexture:Display: Building textures: TilePatine_N (BC5)
[2016.06.17-03.21.54:801][999]LogTexture:Display: Building textures: TilePatine_D (AutoDXT)
[2016.06.17-03.22.50:790][231]LogUObjectGlobals:Warning: Failed to find object 'Class None.'
[2016.06.17-03.26.35:956][ 50]Running C:/Program Files (x86)/Epic Games/4.12/Engine/Binaries/DotNET/UnrealBuildTool.exe MaximumKilocity Win64 Development -editorrecompile "C:/Users/Niraj/Desktop/GitRepos/max/MaximumKilocity/MaximumKilocity.uproject" -invalidatemakefilesonly
[2016.06.17-03.26.36:359][ 50]Invalidating makefiles only in this run.
[2016.06.17-03.26.36:880][ 50]Recompiling MaximumKilocity...
[2016.06.17-03.26.36:883][ 50]Launching UnrealBuildTool... [C:/Program Files (x86)/Epic Games/4.12/Engine/Binaries/DotNET/UnrealBuildTool.exe MaximumKilocity -ModuleWithSuffix MaximumKilocity 186 Win64 Development -editorrecompile -canskiplink "C:/Users/Niraj/Desktop/GitRepos/max/MaximumKilocity/MaximumKilocity.uproject"  -2015]
[2016.06.17-03.27.04:452][ 50]CompilerResultsLog: New page: Compilation - Jun 16, 2016, 12:27:04 PM
[2016.06.17-03.27.04:469][ 50]CompilerResultsLog: Info Performing full C++ include scan (hot reloading a new target)
[2016.06.17-03.27.04:469][ 50]CompilerResultsLog: Info Creating makefile for hot reloading MaximumKilocity (no existing makefile)
[2016.06.17-03.27.04:469][ 50]CompilerResultsLog: Info Compiling game modules for hot reload
[2016.06.17-03.27.04:469][ 50]CompilerResultsLog: Info Parsing headers for MaximumKilocityEditor
[2016.06.17-03.27.04:469][ 50]CompilerResultsLog: Info   Running UnrealHeaderTool "C:\Users\Niraj\Desktop\GitRepos\max\MaximumKilocity\MaximumKilocity.uproject" "C:\Users\Niraj\Desktop\GitRepos\max\MaximumKilocity\Intermediate\Build\Win64\MaximumKilocityEditor\Development\MaximumKilocityEditor.uhtmanifest" -LogCmds="loginit warning, logexit warning, logdatabase error" -Unattended -WarningsAsErrors -installed
[2016.06.17-03.27.04:469][ 50]CompilerResultsLog: Info Reflection code generated for MaximumKilocityEditor in 4.0160488 seconds
[2016.06.17-03.27.04:469][ 50]CompilerResultsLog: Info Performing 9 actions (4 in parallel)
[2016.06.17-03.27.04:470][ 50]CompilerResultsLog: Info [2/9] Resource PCLaunch.rc
[2016.06.17-03.27.04:470][ 50]CompilerResultsLog: Info [3/9] Resource ModuleVersionResource.rc.inl
[2016.06.17-03.27.04:470][ 50]CompilerResultsLog: Info PCH.MaximumKilocity.h.cpp
[2016.06.17-03.27.04:470][ 50]CompilerResultsLog: Info MaximumKilocityCharacter.cpp
[2016.06.17-03.27.04:470][ 50]CompilerResultsLog: Info MaximumKilocityGameMode.cpp
[2016.06.17-03.27.04:470][ 50]CompilerResultsLog: Info MaximumKilocity.cpp
[2016.06.17-03.27.04:470][ 50]CompilerResultsLog: Info TestActorComponent.cpp
[2016.06.17-03.27.04:470][ 50]CompilerResultsLog: Info MaximumKilocity.generated.cpp
[2016.06.17-03.27.04:470][ 50]CompilerResultsLog: Info [9/9] Link UE4Editor-MaximumKilocity-186.dll
[2016.06.17-03.27.04:470][ 50]CompilerResultsLog: Info    Creating library C:\Users\Niraj\Desktop\GitRepos\max\MaximumKilocity\Intermediate\Build\Win64\UE4Editor\Development\UE4Editor-MaximumKilocity-186.lib and object C:\Users\Niraj\Desktop\GitRepos\max\MaximumKilocity\Intermediate\Build\Win64\UE4Editor\Development\UE4Editor-MaximumKilocity-186.exp
[2016.06.17-03.27.04:470][ 50]CompilerResultsLog: Info Total build time: 27.34 seconds
[2016.06.17-03.27.04:470][ 50]LogMainFrame: MainFrame: Module compi