Log file open, 06/16/16 21:49:44
LogInit:Display: Running engine for game: MaximumKilocity
LogPlatformFile: Not using cached read wrapper
LogInit:Display: RandInit(-768097283) SRandInit(-768097280).
LogTaskGraph: Started task graph with 4 named threads and 7 total threads with 1 sets of task threads.
LogStats: Stats thread started at 0.921254
LogInit: Version: 4.12.2-3005592+++UE4+Release-4.12
LogInit: API Version: 2992821
LogInit: Net Version: 3005592
LogDevObjectVersion: Number of dev versions registered: 13
LogDevObjectVersion:   Dev-Blueprints (B0D832E4-1F89-4F0D-ACCF-7EB736FD4AA2): 3
LogDevObjectVersion:   Dev-Build (E1C64328-A22C-4D53-A36C-8E866417BD8C): 0
LogDevObjectVersion:   Dev-Core (375EC13C-06E4-48FB-B500-84F0262A717E): 1
LogDevObjectVersion:   Dev-Editor (E4B068ED-F494-42E9-A231-DA0B2E46BB41): 2
LogDevObjectVersion:   Dev-Framework (CFFC743F-43B0-4480-9391-14DF171D2073): 6
LogDevObjectVersion:   Dev-Mobile (B02B49B5-BB20-44E9-A304-32B752E40360): 0
LogDevObjectVersion:   Dev-Networking (A4E4105C-59A1-49B5-A7C5-40C4547EDFEE): 0
LogDevObjectVersion:   Dev-Online (39C831C9-5AE6-47DC-9A44-9C173E1C8E7C): 0
LogDevObjectVersion:   Dev-Physics (78F01B33-EBEA-4F98-B9B4-84EACCB95AA2): 0
LogDevObjectVersion:   Dev-Platform (6631380F-2D4D-43E0-8009-CF276956A95A): 0
LogDevObjectVersion:   Dev-Rendering (12F88B9F-8875-4AFC-A67C-D90C383ABD29): 2
LogDevObjectVersion:   Dev-Sequencer (7B5AE74C-D270-4C10-A958-57980B212A5A): 0
LogDevObjectVersion:   Dev-VR (D7296918-1DD6-4BDD-9DE2-64A83CC13884): 0
LogInit: Compiled (64-bit): Jun  8 2016 08:57:49
LogInit: Compiled with Visual C++: 19.00.23026.00
LogInit: Build Configuration: Development
LogInit: Branch Name: ++UE4+Release-4.12
LogInit: Command line: 
LogInit: Base directory: C:/Program Files (x86)/Epic Games/4.12/Engine/Binaries/Win64/
LogInit: Installed Engine Build: 1
LogInit: Using libcurl 7.41.0
LogInit:  - built for x86_64-pc-win32
LogInit:  - supports SSL with WinSSL
LogInit:  - other features:
LogInit:      CURL_VERSION_SSL
LogInit:      CURL_VERSION_IPV6
LogInit:      CURL_VERSION_ASYNCHDNS
LogInit:      CURL_VERSION_LARGEFILE
LogInit:      CURL_VERSION_IDN
LogInit:  CurlRequestOptions (configurable via config and command line):
LogInit:  - bVerifyPeer = true  - Libcurl will verify peer certificate
LogInit:  - bUseHttpProxy = false  - Libcurl will NOT use HTTP proxy
LogInit:  - bDontReuseConnections = false  - Libcurl will reuse connections
LogInit:  - CertBundlePath = nullptr  - Libcurl will use whatever was configured at build time.
LogInit: Presizing for max 8388607 objects, including 0 objects not considered by GC, pre-allocating 0 bytes for permanent pool.
LogInit: Object subsystem initialized
[2016.06.17-04.49.44:989][  0]LogInit: Selected Device Profile: [Windows]
[2016.06.17-04.49.44:989][  0]LogInit: Applying CVar settings loaded from the selected device profile: [Windows]
[2016.06.17-04.49.45:011][  0]LogInit: Computer: NV-PC
[2016.06.17-04.49.45:011][  0]LogInit: User: Niraj
[2016.06.17-04.49.45:011][  0]LogInit: CPU Page size=65536, Cores=4
[2016.06.17-04.49.45:011][  0]LogInit: High frequency timer resolution =2.533210 MHz
[2016.06.17-04.49.45:011][  0]LogMemory: Memory total: Physical=15.9GB (16GB approx)
[2016.06.17-04.49.45:011][  0]LogMemory: Platform Memory Stats for Windows
[2016.06.17-04.49.45:012][  0]LogMemory: Process Physical Memory: 190.59 MB used, 190.59 MB peak
[2016.06.17-04.49.45:012][  0]LogMemory: Process Virtual Memory: 195.48 MB used, 195.48 MB peak
[2016.06.17-04.49.45:012][  0]LogMemory: Physical Memory: 7138.56 MB used, 16296.27 MB total
[2016.06.17-04.49.45:012][  0]LogMemory: Virtual Memory: 555.23 MB used, 134217728.00 MB total
[2016.06.17-04.49.45:116][  0]LogTextLocalizationManager: No specific translations for ('en-US') exist, so ('en') translations will be used.
[2016.06.17-04.49.45:674][  0]LogD3D11RHI: D3D11 adapters:
[2016.06.17-04.49.45:726][  0]LogD3D11RHI:    0. 'NVIDIA GeForce GTX 960M' (Feature Level 11_0)
[2016.06.17-04.49.45:726][  0]LogD3D11RHI:       4036/0/8148 MB DedicatedVideo/DedicatedSystem/SharedSystem, Outputs:1, VendorId:0x10de
[2016.06.17-04.49.45:773][  0]LogD3D11RHI:    1. 'Intel(R) HD Graphics 4600' (Feature Level 11_0)
[2016.06.17-04.49.45:773][  0]LogD3D11RHI:       112/0/8148 MB DedicatedVideo/DedicatedSystem/SharedSystem, Outputs:0, VendorId:0x8086
[2016.06.17-04.49.45:781][  0]LogD3D11RHI:    2. 'Microsoft Basic Render Driver' (Feature Level 11_0)
[2016.06.17-04.49.45:781][  0]LogD3D11RHI:       0/0/8148 MB DedicatedVideo/DedicatedSystem/SharedSystem, Outputs:0, VendorId:0x1414
[2016.06.17-04.49.45:781][  0]LogD3D11RHI: Chosen D3D11 Adapter: 0
[2016.06.17-04.49.45:791][  0]LogD3D11RHI: Creating new Direct3DDevice
[2016.06.17-04.49.45:791][  0]LogD3D11RHI:     GPU DeviceId: 0x139b (for the marketing name, search the web for "GPU Device Id")
[2016.06.17-04.49.45:791][  0]LogWindows: EnumDisplayDevices:
[2016.06.17-04.49.45:791][  0]LogWindows:    0. 'Intel(R) HD Graphics 4600' (P:1 D:1)
[2016.06.17-04.49.45:793][  0]LogWindows:    1. 'Intel(R) HD Graphics 4600' (P:0 D:0)
[2016.06.17-04.49.45:793][  0]LogWindows:    2. 'Intel(R) HD Graphics 4600' (P:0 D:0)
[2016.06.17-04.49.45:794][  0]LogWindows: DebugString: PrimaryIsNotTheChoosenAdapter PrimaryIsNotTheChoosenAdapter PrimaryIsNotTheChoosenAdapter FoundDriverCount:0 
[2016.06.17-04.49.45:794][  0]LogD3D11RHI:     Adapter Name: NVIDIA GeForce GTX 960M
[2016.06.17-04.49.45:794][  0]LogD3D11RHI:   Driver Version: Unknown (internal:Unknown, unified:Unknown)
[2016.06.17-04.49.45:794][  0]LogD3D11RHI:      Driver Date: Unknown
[2016.06.17-04.49.45:794][  0]LogRHI: Texture pool is 1361 MB (70% of 1945 MB)
[2016.06.17-04.49.45:820][  0]LogD3D11RHI: Async texture creation enabled
[2016.06.17-04.49.45:835][  0]LogD3D11RHI: GPU Timing Frequency: 1000.000000 (Debug: 2 1)
[2016.06.17-04.49.45:836][  0]LogShaderCompilers: Guid format shader working directory is -21 characters bigger than the processId version (../../../../../../Users/Niraj/Desktop/GitRepos/max/MaximumKilocity/Intermediate/Shaders/WorkingDirectory/12472/).
[2016.06.17-04.49.45:836][  0]LogShaderCompilers: Cleaned the shader compiler working directory 'C:/Users/Niraj/AppData/Local/Temp/UnrealShaderWorkingDir/54C9C0A546B64621382E4F97EE98FC68/'.
[2016.06.17-04.49.45:836][  0]LogShaderCompilers:Display: Using Local Shader Compiler.
[2016.06.17-04.49.47:078][  0]LogTemp:Display: Loaded TP AllDesktopTargetPlatform
[2016.06.17-04.49.47:097][  0]LogTemp:Display: Loaded TP WindowsClientTargetPlatform
[2016.06.17-04.49.47:116][  0]LogTemp:Display: Loaded TP WindowsNoEditorTargetPlatform
[2016.06.17-04.49.47:133][  0]LogTemp:Display: Loaded TP WindowsServerTargetPlatform
[2016.06.17-04.49.47:147][  0]LogTemp:Display: Loaded TP WindowsTargetPlatform
[2016.06.17-04.49.47:162][  0]LogTemp:Display: Loaded TP AndroidTargetPlatform
[2016.06.17-04.49.47:179][  0]LogTemp:Display: Loaded TP Android_ASTCTargetPlatform
[2016.06.17-04.49.47:190][  0]LogTemp:Display: Loaded TP Android_ATCTargetPlatform
[2016.06.17-04.49.47:205][  0]LogTemp:Display: Loaded TP Android_DXTTargetPlatform
[2016.06.17-04.49.47:223][  0]LogTemp:Display: Loaded TP Android_ETC1TargetPlatform
[2016.06.17-04.49.47:237][  0]LogTemp:Display: Loaded TP Android_ETC2TargetPlatform
[2016.06.17-04.49.47:265][  0]LogTemp:Display: Loaded TP Android_MultiTargetPlatform
[2016.06.17-04.49.47:265][  0]LogTemp:Display: Loaded TP Android_PVRTCTargetPlatform
[2016.06.17-04.49.47:268][  0]LogTemp:Display: Loaded TP HTML5TargetPlatform
[2016.06.17-04.49.47:299][  0]LogTemp:Display: Loaded TP IOSTargetPlatform
[2016.06.17-04.49.47:310][  0]LogTemp:Display: Loaded TP TVOSTargetPlatform
[2016.06.17-04.49.47:322][  0]LogTemp:Display: Loaded TP LinuxNoEditorTargetPlatform
[2016.06.17-04.49.47:335][  0]LogTemp:Display: Loaded TP LinuxServerTargetPlatform
[2016.06.17-04.49.47:354][  0]LogTemp:Display: Loaded TP LinuxTargetPlatform
[2016.06.17-04.49.47:354][  0]LogTargetPlatformManager:Display: Building Assets For Windows
[2016.06.17-04.49.47:522][  0]LogDerivedDataCache:Display: Max Cache Size: 512 MB
[2016.06.17-04.49.47:596][  0]LogDerivedDataCache: Loaded boot cache 0.07s 50MB C:/Users/Niraj/AppData/Local/UnrealEngine/4.12/DerivedDataCache/Boot.ddc.
[2016.06.17-04.49.47:597][  0]LogDerivedDataCache:Display: Loaded Boot cache: C:/Users/Niraj/AppData/Local/UnrealEngine/4.12/DerivedDataCache/Boot.ddc
[2016.06.17-04.49.47:597][  0]LogDerivedDataCache: FDerivedDataBackendGraph:  Pak pak cache file ../../../../../../Users/Niraj/Desktop/GitRepos/max/MaximumKilocity/DerivedDataCache/DDC.ddp not found, will not use a pak cache.
[2016.06.17-04.49.47:597][  0]LogDerivedDataCache: Unable to find inner node Pak for hierarchical cache Hierarchy.
[2016.06.17-04.49.47:597][  0]LogDerivedDataCache: FDerivedDataBackendGraph:  CompressedPak pak cache file ../../../../../../Users/Niraj/Desktop/GitRepos/max/MaximumKilocity/DerivedDataCache/Compressed.ddp not found, will not use a pak cache.
[2016.06.17-04.49.47:597][  0]LogDerivedDataCache: Unable to find inner node CompressedPak for hierarchical cache Hierarchy.
[2016.06.17-04.49.47:622][  0]LogDerivedDataCache:Display: Pak cache opened for reading ../../../Engine/DerivedDataCache/Compressed.ddp.
[2016.06.17-04.49.47:636][  0]LogDerivedDataCache: Using Local data cache path C:/Users/Niraj/AppData/Local/UnrealEngine/Common/DerivedDataCache: Writable
[2016.06.17-04.49.47:890][  0]LogInit: Selected Device Profile: [Windows]
[2016.06.17-04.49.47:891][  0]LogContentStreaming: Texture pool size is 0.00 MB
[2016.06.17-04.49.48:127][  0]LogMeshUtilities: No automatic mesh reduction module available
[2016.06.17-04.49.48:127][  0]LogMeshUtilities: No automatic mesh merging module available
[2016.06.17-04.49.48:127][  0]LogMeshUtilities: No distributed automatic mesh merging module available
[2016.06.17-04.49.48:439][  0]LogAssetRegistry: FAssetRegistry took 0.0248 seconds to start up
[2016.06.17-04.49.48:487][  0]LogPackageLocalizationCache: Processed 3 localized package path(s) for 2 prioritized culture(s) in 0.042719 seconds
[2016.06.17-04.49.48:497][  0]LogUObjectArray: 28739 objects as part of root set at end of initial load.
[2016.06.17-04.49.48:497][  0]LogUObjectAllocator: 5855624 out of 0 bytes used by permanent object pool.
[2016.06.17-04.49.48:497][  0]LogUObjectArray: CloseDisregardForGC: 0/0 objects in disregard for GC pool
[2016.06.17-04.49.48:514][  0]LogInit: WinSock: version 1.1 (2.2), MaxSocks=32767, MaxUdp=65467
[2016.06.17-04.49.48:842][  0]LogSlate: SlateFontCache - WITH_FREETYPE: 1, WITH_HARFBUZZ: 1
[2016.06.17-04.49.48:842][  0]LogSlate: SlateFontCache - WITH_FREETYPE: 1, WITH_HARFBUZZ: 1
[2016.06.17-04.49.49:657][  0]LogUdpMessaging: Initializing bridge on interface 0.0.0.0:0 to multicast group 230.0.0.1:6666.
[2016.06.17-04.49.50:088][  0]SourceControl: Info Source control is disabled
[2016.06.17-04.49.50:921][  0]LogEngine: Initializing Engine...
[2016.06.17-04.49.50:923][  0]LogHMD: SteamVR failed to initialize.  Err: 110
[2016.06.17-04.49.50:926][  0]LogHMD: SteamVR failed to initialize.  Err: 110
[2016.06.17-04.49.51:100][  0]LogAIModule: Creating AISystem for world NewWorld
[2016.06.17-04.49.51:112][  0]LogInit: XAudio2 using 'Speakers (Realtek High Definition Audio)' : 2 channels at 48 kHz using 32 bits per sample (channel mask 0x3)
[2016.06.17-04.49.51:150][  0]LogInit: FAudioDevice initialized.
[2016.06.17-04.49.51:177][  0]LogDerivedDataCache: Saved boot cache 0.03s 50MB C:/Users/Niraj/AppData/Local/UnrealEngine/4.12/DerivedDataCache/Boot.ddc.
[2016.06.17-04.49.51:185][  0]LogInit: Texture streaming: Enabled
[2016.06.17-04.49.51:233][  0]LogInit: Transaction tracking system initialized
[2016.06.17-04.49.51:276][  0]BlueprintLog: New page: Editor Load
[2016.06.17-04.49.51:457][  0]LocalizationService: Info Localization service is disabled
[2016.06.17-04.49.51:561][  0]LogConsoleResponse:Display: 
[2016.06.17-04.49.51:684][  0]LogCook:Display: Max memory allowance for cook 8192mb
[2016.06.17-04.49.51:684][  0]LogCook:Display: Mobile HDR setting 1
[2016.06.17-04.49.52:025][  0]LogFileCache: Scanning file cache for directory 'C:/Users/Niraj/Desktop/GitRepos/max/MaximumKilocity/Content/' took 0.02s
[2016.06.17-04.49.52:025][  0]Cmd: MAP LOAD FILE="../../../../../../Users/Niraj/Desktop/GitRepos/max/MaximumKilocity/Content/ThirdPersonCPP/Maps/ThirdPersonExampleMap.umap" TEMPLATE=0 SHOWPROGRESS=1 FEATURELEVEL=3
[2016.06.17-04.49.52:025][  0]LightingResults: New page: Lighting Build
[2016.06.17-04.49.52:028][  0]MapCheck: New page: Map Check
[2016.06.17-04.49.52:028][  0]LightingResults: New page: Lighting Build
[2016.06.17-04.49.52:238][  0]LogAIModule: Creating AISystem for world ThirdPersonExampleMap
[2016.06.17-04.49.52:248][  0]LogEditorServer: Finished looking for orphan Actors (0.000 secs)
[2016.06.17-04.49.52:249][  0]Cmd: MAP CHECKDEP NOCLEARLOG
[2016.06.17-04.49.52:301][  0]MapCheck: Info Map check complete: 0 Error(s), 0 Warning(s), took 51.776ms to complete.
[2016.06.17-04.49.52:301][  0]LogFileHelpers: Loading map 'ThirdPersonExampleMap' took 0.276
[2016.06.17-04.49.52:501][  0]LogCollectionManager: Loaded 0 collections in 0.002695 seconds
[2016.06.17-04.49.52:546][  0]LogFileCache: Scanning file cache for directory 'C:/Users/Niraj/Desktop/GitRepos/max/MaximumKilocity/Saved/Collections/' took 0.01s
[2016.06.17-04.49.52:546][  0]LogFileCache: Scanning file cache for directory 'C:/Users/Niraj/Desktop/GitRepos/max/MaximumKilocity/Content/Developers/Niraj/Collections/' took 0.01s
[2016.06.17-04.49.52:546][  0]LogFileCache: Scanning file cache for directory 'C:/Users/Niraj/Desktop/GitRepos/max/MaximumKilocity/Content/Collections/' took 0.01s
[2016.06.17-04.49.52:547][  0]LogCollectionManager: Rebuilt the GUID cache for 0 collections in 0.000003 seconds
[2016.06.17-04.49.52:558][  0]LogContentBrowser: Native class hierarchy populated in 0.0116 seconds. Added 2051 classes and 372 folders.
[2016.06.17-04.49.52:562][  0]LogStats: UGameplayTagsManager::ConstructGameplayTagTree: Construct from data asset -  0.000 s
[2016.06.17-04.49.52:563][  0]LogStats: UGameplayTagsManager::ConstructGameplayTagTree: GameplayTagTreeChangedEvent.Broadcast -  0.000 s
[2016.06.17-04.49.52:565][  0]LogContentBrowser: Native class hierarchy updated for 'GameplayTags' in 0.0025 seconds. Added 12 classes and 0 folders.
[2016.06.17-04.49.52:573][  0]LogContentBrowser: Native class hierarchy updated for 'WidgetCarousel' in 0.0024 seconds. Added 0 classes and 0 folders.
[2016.06.17-04.49.52:623][  0]LogContentBrowser: Native class hierarchy updated for 'AddContentDialog' in 0.0024 seconds. Added 0 classes and 0 folders.
[2016.06.17-04.49.52:631][  0]LogContentBrowser: Native class hierarchy updated for 'SceneOutliner' in 0.0027 seconds. Added 1 classes and 2 folders.
[2016.06.17-04.49.52:648][  0]LogCrashTracker: Crashtracker disabled due to settings.
[2016.06.17-04.49.52:664][  0]LogWindowsTextInputMethodSystem:Display: IME system now deactivated.
[2016.06.17-04.49.52:729][  0]LogContentBrowser: Native class hierarchy updated for 'HierarchicalLODOutliner' in 0.0028 seconds. Added 1 classes and 2 folders.
[2016.06.17-04.49.52:729][  0]LogLoad: Full Startup: 9.88 seconds (BP compile: 0.06 seconds)
[2016.06.17-04.49.52:729][  0]LogExternalProfiler: Found external profiler: VSPerf
[2016.06.17-04.49.52:729][  0]LogExternalProfiler: Using external profiler: VSPerf
[2016.06.17-04.49.52:748][  0]LogOcInput: OculusInput pre-init called
[2016.06.17-04.49.52:770][  0]SourceControl: Info On branch master
[2016.06.17-04.49.52:770][  0]SourceControl: Info Your branch is ahead of 'origin/master' by 1 commit.
[2016.06.17-04.49.52:770][  0]SourceControl: Info   (use "git push" to publish your local commits)
[2016.06.17-04.49.52:770][  0]SourceControl: Info Changes to be committed:
[2016.06.17-04.49.52:770][  0]SourceControl: Info   (use "git reset HEAD <file>..." to unstage)
[2016.06.17-04.49.52:770][  0]SourceControl: Info 	new file:   MaximumKilocity/Source/MaximumKilocity/Public/TestActorComponent.h
[2016.06.17-04.49.52:770][  0]SourceControl: Info Changes not staged for commit:
[2016.06.17-04.49.52:771][  0]SourceControl: Info   (use "git add <file>..." to update what will be committed)
[2016.06.17-04.49.52:771][  0]SourceControl: Info   (use "git checkout -- <file>..." to discard changes in working directory)
[2016.06.17-04.49.52:771][  0]SourceControl: Info 	modified:   MaximumKilocity/Binaries/Win64/MaximumKilocityEditor.target
[2016.06.17-04.49.52:771][  0]SourceControl: Info 	modified:   MaximumKilocity/Binaries/Win64/UE4Editor-MaximumKilocity.pdb
[2016.06.17-04.49.52:771][  0]SourceControl: Info 	modified:   MaximumKilocity/Binaries/Win64/UE4Editor.modules
[2016.06.17-04.49.52:771][  0]SourceControl: Info 	modified:   MaximumKilocity/Intermediate/Build/ActionHistory.bin
[2016.06.17-04.49.52:771][  0]SourceControl: Info 	modified:   MaximumKilocity/Intermediate/Build/Win64/MaximumKilocityEditor/DependencyCache.bin
[2016.06.17-04.49.52:771][  0]SourceControl: Info 	modified:   MaximumKilocity/Intermediate/Build/Win64/MaximumKilocityEditor/Development/MaximumKilocityEditor.uhtmanifest
[2016.06.17-04.49.52:771][  0]SourceControl: Info 	modified:   MaximumKilocity/Intermediate/Build/Win64/UE4Editor/Development/UE4Editor-MaximumKilocity.dll.response
[2016.06.17-04.49.52:771][  0]SourceControl: Info 	modified:   MaximumKilocity/Intermediate/Build/Win64/UE4Editor/Development/UE4Editor-MaximumKilocity.exp
[2016.06.17-04.49.52:772][  0]SourceControl: Info 	modified:   MaximumKilocity/Intermediate/Build/Win64/UE4Editor/Inc/MaximumKilocity/MaximumKilocity.generated.cpp
[2016.06.17-04.49.52:772][  0]SourceControl: Info 	modified:   MaximumKilocity/Intermediate/Build/Win64/UE4Editor/Inc/MaximumKilocity/MaximumKilocity.generated.dep.h
[2016.06.17-04.49.52:772][  0]SourceControl: Info 	modified:   MaximumKilocity/Intermediate/Build/Win64/UE4Editor/Inc/MaximumKilocity/MaximumKilocityCharacter.generated.h
[2016.06.17-04.49.52:772][  0]SourceControl: Info 	modified:   MaximumKilocity/Intermediate/Build/Win64/UE4Editor/Inc/MaximumKilocity/Timestamp
[2016.06.17-04.49.52:772][  0]SourceControl: Info 	modified:   MaximumKilocity/Intermediate/CachedAssetRegistry.bin
[2016.06.17-04.49.52:772][  0]SourceControl: Info 	modified:   MaximumKilocity/Intermediate/Config/CoalescedSourceConfigs/Compat.ini
[2016.06.17-04.49.52:772][  0]SourceControl: Info 	modified:   MaximumKilocity/Intermediate/Config/CoalescedSourceConfigs/DeviceProfiles.ini
[2016.06.17-04.49.52:772][  0]SourceControl: Info 	modified:   MaximumKilocity/Intermediate/Config/CoalescedSourceConfigs/Editor.ini
[2016.06.17-04.49.52:772][  0]SourceControl: Info 	modified:   MaximumKilocity/Intermediate/Config/CoalescedSourceConfigs/EditorKeyBindings.ini
[2016.06.17-04.49.52:772][  0]SourceControl: Info 	modified:   MaximumKilocity/Intermediate/Config/CoalescedSourceConfigs/EditorPerProjectUserSettings.ini
[2016.06.17-04.49.52:772][  0]SourceControl: Info 	modified:   MaximumKilocity/Intermediate/Config/CoalescedSourceConfigs/EditorSettings.ini
[2016.06.17-04.49.52:772][  0]SourceControl: Info 	modified:   MaximumKilocity/Intermediate/Config/CoalescedSourceConfigs/Engine.ini
[2016.06.17-04.49.52:773][  0]SourceControl: Info 	modified:   MaximumKilocity/Intermediate/Config/CoalescedSourceConfigs/Game.ini
[2016.06.17-04.49.52:773][  0]SourceControl: Info 	modified:   MaximumKilocity/Intermediate/Config/CoalescedSourceConfigs/Hardware.ini
[2016.06.17-04.49.52:773][  0]SourceControl: Info 	modified:   MaximumKilocity/Intermediate/Config/CoalescedSourceConfigs/Input.ini
[2016.06.17-04.49.52:773][  0]SourceControl: Info 	modified:   MaximumKilocity/Intermediate/Config/CoalescedSourceConfigs/Lightmass.ini
[2016.06.17-04.49.52:773][  0]SourceControl: Info 	modified:   MaximumKilocity/Intermediate/Config/CoalescedSourceConfigs/Scalability.ini
[2016.06.17-04.49.52:773][  0]SourceControl: Info 	modified:   MaximumKilocity/Intermediate/ProjectFiles/MaximumKilocity.vcxproj
[2016.06.17-04.49.52:773][  0]SourceControl: Info 	modified:   MaximumKilocity/Intermediate/ProjectFiles/MaximumKilocity.vcxproj.filters
[2016.06.17-04.49.52:773][  0]SourceControl: Info 	modified:   MaximumKilocity/MaximumKilocity.uproject
[2016.06.17-04.49.52:774][  0]SourceControl: Info 	modified:   MaximumKilocity/Saved/Autosaves/PackageRestoreData.json
[2016.06.17-04.49.52:774][  0]SourceControl: Info 	modified:   MaximumKilocity/Saved/Config/Windows/Compat.ini
[2016.06.17-04.49.52:774][  0]SourceControl: Info 	modified:   MaximumKilocity/Saved/Config/Windows/DeviceProfiles.ini
[2016.06.17-04.49.52:774][  0]SourceControl: Info 	modified:   MaximumKilocity/Saved/Config/Windows/Editor.ini
[2016.06.17-04.49.52:774][  0]SourceControl: Info 	modified:   MaximumKilocity/Saved/Config/Windows/EditorPerProjectUserSettings.ini
[2016.06.17-04.49.52:774][  0]SourceControl: Info 	modified:   MaximumKilocity/Saved/Config/Windows/Engine.ini
[2016.06.17-04.49.52:774][  0]SourceControl: Info 	modified:   MaximumKilocity/Saved/Config/Windows/Game.ini
[2016.06.17-04.49.52:774][  0]SourceControl: Info 	modified:   MaximumKilocity/Saved/Config/Windows/GameUserSettings.ini
[2016.06.17-04.49.52:774][  0]SourceControl: Info 	modified:   MaximumKilocity/Saved/Config/Windows/GameplayTags.ini
[2016.06.17-04.49.52:774][  0]SourceControl: Info 	modified:   MaximumKilocity/Saved/Config/Windows/Hardware.ini
[2016.06.17-04.49.52:774][  0]SourceControl: Info 	modified:   MaximumKilocity/Saved/Config/Windows/Input.ini
[2016.06.17-04.49.52:774][  0]SourceControl: Info 	modified:   MaximumKilocity/Saved/Config/Windows/InternationalizationExport.ini
[2016.06.17-04.49.52:775][  0]SourceControl: Info 	modified:   MaximumKilocity/Saved/Config/Windows/Lightmass.ini
[2016.06.17-04.49.52:775][  0]SourceControl: Info 	modified:   MaximumKilocity/Saved/Config/Windows/LocalizationServiceSettings.ini
[2016.06.17-04.49.52:775][  0]SourceControl: Info 	modified:   MaximumKilocity/Saved/Config/Windows/Scalability.ini
[2016.06.17-04.49.52:775][  0]SourceControl: Info 	modified:   MaximumKilocity/Saved/Config/Windows/SourceControlSettings.ini
[2016.06.17-04.49.52:775][  0]SourceControl: Info 	modified:   MaximumKilocity/Saved/Config/Windows/TemplateDefs.ini
[2016.06.17-04.49.52:775][  0]SourceControl: Info 	modified:   MaximumKilocity/Saved/Config/Windows/TranslationPickerSettings.ini
[2016.06.17-04.49.52:775][  0]SourceControl: Info 	modified:   MaximumKilocity/Saved/Logs/MaximumKilocity.log
[2016.06.17-04.49.52:775][  0]SourceControl: Info 	modified:   MaximumKilocity/Source/MaximumKilocity/MaximumKilocityCharacter.cpp
[2016.06.17-04.49.52:775][  0]SourceControl: Info 	modified:   MaximumKilocity/Source/MaximumKilocity/MaximumKilocityCharacter.h
[2016.06.17-04.49.52:775][  0]SourceControl: Info Untracked files:
[2016.06.17-04.49.52:775][  0]SourceControl: Info   (use "git add <file>..." to include in what will be committed)
[2016.06.17-04.49.52:775][  0]SourceControl: Info 	MaximumKilocity/Intermediate/Build/Unused/
[2016.06.17-04.49.52:776][  0]SourceControl: Info 	MaximumKilocity/Intermediate/Build/Win64/MaximumKilocityEditor/Development/Makefile.ubt
[2016.06.17-04.49.52:776][  0]SourceControl: Info 	MaximumKilocity/Intermediate/Build/Win64/MaximumKilocityEditor/FlatCPPIncludes.bin
[2016.06.17-04.49.52:776][  0]SourceControl: Info 	MaximumKilocity/Intermediate/Build/Win64/UE4Editor/Inc/MaximumKilocity/BulletActorComponent.generated.h
[2016.06.17-04.49.52:776][  0]SourceControl: Info 	MaximumKilocity/Intermediate/Build/Win64/UE4Editor/Inc/MaximumKilocity/TestActorComponent.generated.h
[2016.06.17-04.49.52:776][  0]SourceControl: Info 	MaximumKilocity/Saved/AutoScreenshot.png
[2016.06.17-04.49.52:776][  0]SourceControl: Info 	MaximumKilocity/Saved/Autosaves/Game/
[2016.06.17-04.49.52:776][  0]SourceControl: Info 	MaximumKilocity/Saved/Backup/ThirdPersonCharacter_2016-06-16-20-27-16.uasset
[2016.06.17-04.49.52:776][  0]SourceControl: Info 	MaximumKilocity/Saved/Logs/MaximumKilocity-backup-2016.06.16-20.08.19.log
[2016.06.17-04.49.52:776][  0]SourceControl: Info 	MaximumKilocity/Saved/Logs/MaximumKilocity-backup-2016.06.16-20.56.08.log
[2016.06.17-04.49.52:776][  0]SourceControl: Info 	MaximumKilocity/Saved/Logs/MaximumKilocity-backup-2016.06.16-21.47.24.log
[2016.06.17-04.49.52:776][  0]SourceControl: Info 	MaximumKilocity/Saved/Logs/MaximumKilocity-backup-2016.06.16-21.49.44.log
[2016.06.17-04.49.52:776][  0]SourceControl: Info 	MaximumKilocity/Source/MaximumKilocity/BulletActorComponent.cpp
[2016.06.17-04.49.52:776][  0]SourceControl: Info 	MaximumKilocity/Source/MaximumKilocity/BulletActorComponent.h
[2016.06.17-04.49.52:776][  0]SourceControl: Info 	MaximumKilocity/Source/MaximumKilocity/Private/
[2016.06.17-04.49.52:777][  0]LogContentStreaming: Texture pool size now 1000 MB
[2016.06.17-04.49.52:966][  0]LogRenderer: Reallocating scene render targets to support 1208x576 (Frame:2).
[2016.06.17-04.49.53:110][  2]LogAssetRegistry: Asset discovery search completed in 4.6959 seconds
[2016.06.17-04.49.53:111][  2]LogCollectionManager: Rebuilt the object cache for 0 collections in 0.000001 seconds (found 0 objects)
[2016.06.17-04.49.53:111][  2]LogCollectionManager: Fixed up redirectors for 0 collections in 0.000091 seconds (updated 0 objects)
[2016.06.17-04.50.37:034][586]LogEditorViewport: Clicking on Actor (LMB): DocumentationActor (DocumentationActor1)
[2016.06.17-04.56.59:921][582]Cmd: QUIT_EDITOR
[2016.06.17-04.56.59:974][582]LogWindowsTextInputMethodSystem:Display: IME system now deactivated.
[2016.06.17-04.57.00:010][582]LogExit: Preparing to exit.
[2016.06.17-04.57.01:270][582]LogExit: Editor shut down
[2016.06.17-04.57.01:270][582]LogExit: Transaction tracking system shut down
[2016.06.17-04.57.01:382][582]LogObj: Freed 0b from 0 cluster array pools.
[2016.06.17-04.57.01:383][582]LogExit: Object subsystem successfully closed.
[2016.06.17-04.57.01:401][582]LogD3D11RHI: Shutdown
[2016.06.17-04.57.01:402][582]LogD3D11RHI: CleanupD3DDevice
[2016.06.17-04.57.01:471][582]LogD3D11RHI: ~FD3D11DynamicRHI
[2016.06.17-04.57.01:485][582]LogModuleManager: Shutting down and abandoning module HierarchicalLODOutliner (214)
[2016.06.17-04.57.01:485][582]LogModuleManager: Shutting down and abandoning module CrashTracker (213)
[2016.06.17-04.57.01:485][582]LogModuleManager: Shutting down and abandoning module SceneOutliner (212)
[2016.06.17-04.57.01:485][582]LogModuleManager: Shutting down and abandoning module WidgetCarousel (211)
[2016.06.17-04.57.01:486][582]LogModuleManager: Shutting down and abandoning module AddContentDialog (210)
[2016.06.17-04.57.01:487][582]LogModuleManager: Shutting down and abandoning module GameplayTags (209)
[2016.06.17-04.57.01:487][582]LogModuleManager: Shutting down and abandoning module EditorWidgets (208)
[2016.06.17-04.57.01:487][582]LogModuleManager: Shutting down and abandoning module CollectionManager (207)
[2016.06.17-04.57.01:487][582]LogModuleManager: Shutting down and abandoning module StatsViewer (206)
[2016.06.17-04.57.01:487][582]LogModuleManager: Shutting down and abandoning module FoliageEdit (205)
[2016.06.17-04.57.01:487][582]LogModuleManager: Shutting down and abandoning module LandscapeEditor (204)
[2016.06.17-04.57.01:487][582]LogModuleManager: Shutting down and abandoning module SceneDepthPickerMode (203)
[2016.06.17-04.57.01:488][582]LogModuleManager: Shutting down and abandoning module ActorPickerMode (202)
[2016.06.17-04.57.01:488][582]LogModuleManager: Shutting down and abandoning module GeometryMode (201)
[2016.06.17-04.57.01:488][582]LogModuleManager: Shutting down and abandoning module TextureAlignMode (200)
[2016.06.17-04.57.01:488][582]LogModuleManager: Shutting down and abandoning module BspMode (199)
[2016.06.17-04.57.01:488][582]LogModuleManager: Shutting down and abandoning module HardwareSurvey (198)
[2016.06.17-04.57.01:488][582]LogModuleManager: Shutting down and abandoning module SequenceRecorderSections (197)
[2016.06.17-04.57.01:488][582]LogModuleManager: Shutting down and abandoning module SequenceRecorder (196)
[2016.06.17-04.57.01:488][582]LogModuleManager: Shutting down and abandoning module AutomationWorker (195)
[2016.06.17-04.57.01:488][582]LogModuleManager: Shutting down and abandoning module MatineeToLevelSequence (194)
[2016.06.17-04.57.01:488][582]LogModuleManager: Shutting down and abandoning module PlacementMode (193)
[2016.06.17-04.57.01:488][582]LogModuleManager: Shutting down and abandoning module LevelSequenceEditor (192)
[2016.06.17-04.57.01:488][582]LogModuleManager: Shutting down and abandoning module CharacterAI (191)
[2016.06.17-04.57.01:488][582]LogModuleManager: Shutting down and abandoning module SmartSnapping (190)
[2016.06.17-04.57.01:488][582]LogModuleManager: Shutting down and abandoning module SessionServices (189)
[2016.06.17-04.57.01:488][582]LogModuleManager: Shutting down and abandoning module ViewportSnapping (188)
[2016.06.17-04.57.01:489][582]LogModuleManager: Shutting down and abandoning module LogVisualizer (187)
[2016.06.17-04.57.01:489][582]LogModuleManager: Shutting down and abandoning module GameProjectGeneration (186)
[2016.06.17-04.57.01:489][582]LogModuleManager: Shutting down and abandoning module IntroTutorials (185)
[2016.06.17-04.57.01:489][582]LogModuleManager: Shutting down and abandoning module EditorLiveStreaming (184)
[2016.06.17-04.57.01:489][582]LogModuleManager: Shutting down and abandoning module IOSPlatformEditor (183)
[2016.06.17-04.57.01:489][582]LogModuleManager: Shutting down and abandoning module HTML5PlatformEditor (182)
[2016.06.17-04.57.01:489][582]LogModuleManager: Shutting down and abandoning module AndroidDeviceDetection (181)
[2016.06.17-04.57.01:850][582]LogModuleManager: Shutting down and abandoning module AndroidPlatformEditor (180)
[2016.06.17-04.57.01:850][582]LogModuleManager: Shutting down and abandoning module IOSRuntimeSettings (179)
[2016.06.17-04.57.01:850][582]LogModuleManager: Shutting down and abandoning module AndroidRuntimeSettings (178)
[2016.06.17-04.57.01:850][582]LogModuleManager: Shutting down and abandoning module MergeActors (177)
[2016.06.17-04.57.01:850][582]LogModuleManager: Shutting down and abandoning module SizeMap (176)
[2016.06.17-04.57.01:850][582]LogModuleManager: Shutting down and abandoning module TreeMap (175)
[2016.06.17-04.57.01:850][582]LogModuleManager: Shutting down and abandoning module ReferenceViewer (174)
[2016.06.17-04.57.01:850][582]LogModuleManager: Shutting down and abandoning module LocalizationService (173)
[2016.06.17-04.57.01:850][582]LogModuleManager: Shutting down and abandoning module LocalizationDashboard (172)
[2016.06.17-04.57.01:850][582]LogModuleManager: Shutting down and abandoning module HardwareTargeting (171)
[2016.06.17-04.57.01:851][582]LogModuleManager: Shutting down and abandoning module DeviceProfileEditor (170)
[2016.06.17-04.57.01:851][582]LogModuleManager: Shutting down and abandoning module UndoHistory (169)
[2016.06.17-04.57.01:851][582]LogModuleManager: Shutting down and abandoning module UserFeedback (168)
[2016.06.17-04.57.01:851][582]LogModuleManager: Shutting down and abandoning module XmlParser (167)
[2016.06.17-04.57.01:851][582]LogModuleManager: Shutting down and abandoning module Blutility (166)
[2016.06.17-04.57.01:851][582]LogModuleManager: Shutting down and abandoning module ProjectTargetPlatformEditor (165)
[2016.06.17-04.57.01:851][582]LogModuleManager: Shutting down and abandoning module ProjectSettingsViewer (164)
[2016.06.17-04.57.01:851][582]LogModuleManager: Shutting down and abandoning module InputBindingEditor (163)
[2016.06.17-04.57.01:852][582]LogModuleManager: Shutting down and abandoning module EditorSettingsViewer (162)
[2016.06.17-04.57.01:852][582]LogModuleManager: Shutting down and abandoning module SettingsEditor (161)
[2016.06.17-04.57.01:852][582]LogModuleManager: Shutting down and abandoning module ProjectLauncher (160)
[2016.06.17-04.57.01:852][582]LogModuleManager: Shutting down and abandoning module SessionFrontend (159)
[2016.06.17-04.57.01:852][582]LogModuleManager: Shutting down and abandoning module ProfilerClient (158)
[2016.06.17-04.57.01:852][582]LogModuleManager: Shutting down and abandoning module TargetDeviceServices (157)
[2016.06.17-04.57.01:852][582]LogModuleManager: Shutting down and abandoning module DeviceManager (156)
[2016.06.17-04.57.01:896][582]LogModuleManager: Shutting down and abandoning module AutomationController (155)
[2016.06.17-04.57.01:896][582]LogModuleManager: Shutting down and abandoning module AutomationWindow (154)
[2016.06.17-04.57.01:896][582]LogModuleManager: Shutting down and abandoning module Layers (153)
[2016.06.17-04.57.01:896][582]LogModuleManager: Shutting down and abandoning module ComponentVisualizers (152)
[2016.06.17-04.57.01:896][582]LogModuleManager: Shutting down and abandoning module DetailCustomizations (151)
[2016.06.17-04.57.01:896][582]LogModuleManager: Shutting down and abandoning module PackagesDialog (150)
[2016.06.17-04.57.01:896][582]LogModuleManager: Shutting down and abandoning module Persona (149)
[2016.06.17-04.57.01:896][582]LogModuleManager: Shutting down and abandoning module Kismet (148)
[2016.06.17-04.57.01:896][582]LogModuleManager: Shutting down and abandoning module GraphEditor (147)
[2016.06.17-04.57.01:897][582]LogModuleManager: Shutting down and abandoning module ClassViewer (146)
[2016.06.17-04.57.01:897][582]LogModuleManager: Shutting down and abandoning module Toolbox (145)
[2016.06.17-04.57.01:897][582]LogModuleManager: Shutting down and abandoning module ModuleUI (144)
[2016.06.17-04.57.01:897][582]LogModuleManager: Shutting down and abandoning module MovieSceneTools (143)
[2016.06.17-04.57.01:897][582]LogModuleManager: Shutting down and abandoning module OutputLog (142)
[2016.06.17-04.57.01:897][582]LogModuleManager: Shutting down and abandoning module GammaUI (141)
[2016.06.17-04.57.01:897][582]LogModuleManager: Shutting down and abandoning module Documentation (140)
[2016.06.17-04.57.01:897][582]LogModuleManager: Shutting down and abandoning module StreamingPauseRendering (139)
[2016.06.17-04.57.01:897][582]LogModuleManager: Shutting down and abandoning module AnalyticsET (138)
[2016.06.17-04.57.01:897][582]LogModuleManager: Shutting down and abandoning module Analytics (137)
[2016.06.17-04.57.01:897][582]LogModuleManager: Shutting down and abandoning module PortalServices (136)
[2016.06.17-04.57.01:897][582]LogModuleManager: Shutting down and abandoning module PortalRpc (135)
[2016.06.17-04.57.01:897][582]LogModuleManager: Shutting down and abandoning module MessagingRpc (134)
[2016.06.17-04.57.01:897][582]LogModuleManager: Shutting down and abandoning module GameplayDebugger (133)
[2016.06.17-04.57.01:897][582]LogModuleManager: Shutting down and abandoning module AITestSuite (132)
[2016.06.17-04.57.01:897][582]LogModuleManager: Shutting down and abandoning module AIModule (131)
[2016.06.17-04.57.01:898][582]LogModuleManager: Shutting down and abandoning module ProfilerService (130)
[2016.06.17-04.57.02:090][582]LogModuleManager: Shutting down and abandoning module TaskGraph (129)
[2016.06.17-04.57.02:090][582]LogModuleManager: Shutting down and abandoning module SlateRemote (128)
[2016.06.17-04.57.02:090][582]LogModuleManager: Shutting down and abandoning module SteamVRController (127)
[2016.06.17-04.57.02:090][582]LogModuleManager: Shutting down and abandoning module SteamVR (126)
[2016.06.17-04.57.02:090][582]LogModuleManager: Shutting down and abandoning module ProceduralMeshComponent (125)
[2016.06.17-04.57.02:090][582]LogModuleManager: Shutting down and abandoning module OculusLibrary (124)
[2016.06.17-04.57.02:090][582]LogModuleManager: Shutting down and abandoning module OculusInput (123)
[2016.06.17-04.57.02:090][582]LogModuleManager: Shutting down and abandoning module CustomMeshComponent (122)
[2016.06.17-04.57.02:090][582]LogModuleManager: Shutting down and abandoning module CableComponent (121)
[2016.06.17-04.57.02:090][582]LogModuleManager: Shutting down and abandoning module ArchVisCharacter (120)
[2016.06.17-04.57.02:090][582]LogModuleManager: Shutting down and abandoning module MediaPlayerEditor (119)
[2016.06.17-04.57.02:090][582]LogModuleManager: Shutting down and abandoning module HTML5Networking (118)
[2016.06.17-04.57.02:090][582]LogModuleManager: Shutting down and abandoning module SuperSearch (117)
[2016.06.17-04.57.02:090][582]LogModuleManager: Shutting down and abandoning module SuperSearchEditor (116)
[2016.06.17-04.57.02:091][582]LogModuleManager: Shutting down and abandoning module SpeedTreeImporter (115)
[2016.06.17-04.57.02:091][582]LogModuleManager: Shutting down and abandoning module PluginBrowser (114)
[2016.06.17-04.57.02:091][582]LogModuleManager: Shutting down and abandoning module EpicSurvey (113)
[2016.06.17-04.57.02:091][582]LogModuleManager: Shutting down and abandoning module DesktopPlatform (112)
[2016.06.17-04.57.02:091][582]LogModuleManager: Shutting down and abandoning module VisualStudioSourceCodeAccess (111)
[2016.06.17-04.57.02:091][582]LogModuleManager: Shutting down and abandoning module UObjectPlugin (110)
[2016.06.17-04.57.02:091][582]LogModuleManager: Shutting down and abandoning module SubversionSourceControl (109)
[2016.06.17-04.57.02:091][582]LogModuleManager: Shutting down and abandoning module PerforceSourceControl (108)
[2016.06.17-04.57.02:091][582]LogModuleManager: Shutting down and abandoning module SourceControl (107)
[2016.06.17-04.57.02:091][582]LogModuleManager: Shutting down and abandoning module GitSourceControl (106)
[2016.06.17-04.57.02:091][582]LogModuleManager: Shutting down and abandoning module LightPropagationVolumeEditor (105)
[2016.06.17-04.57.02:091][582]LogModuleManager: Shutting down and abandoning module PaperTiledImporter (104)
[2016.06.17-04.57.02:091][582]LogModuleManager: Shutting down and abandoning module PaperSpriteSheetImporter (103)
[2016.06.17-04.57.02:091][582]LogModuleManager: Shutting down and abandoning module MeshPaint (102)
[2016.06.17-04.57.02:091][582]LogModuleManager: Shutting down and abandoning module PixelInspectorModule (101)
[2016.06.17-04.57.02:091][582]LogModuleManager: Shutting down and abandoning module HotReload (100)
[2016.06.17-04.57.02:092][582]LogModuleManager: Shutting down and abandoning module MainFrame (99)
[2016.06.17-04.57.02:092][582]LogModuleManager: Shutting down and abandoning module LevelEditor (98)
[2016.06.17-04.57.02:093][582]LogModuleManager: Shutting down and abandoning module ContentBrowser (97)
[2016.06.17-04.57.02:094][582]LogModuleManager: Shutting down and abandoning module Paper2DEditor (96)
[2016.06.17-04.57.02:094][582]LogModuleManager: Shutting down and abandoning module MaximumKilocity (95)
[2016.06.17-04.57.02:094][582]LogModuleManager: Shutting down and abandoning module UdpMessaging (94)
[2016.06.17-04.57.02:195][582]LogModuleManager: Shutting down and abandoning module LightPropagationVolumeRuntime (93)
[2016.06.17-04.57.02:195][582]LogModuleManager: Shutting down and abandoning module Paper2D (92)
[2016.06.17-04.57.02:195][582]LogModuleManager: Shutting down and abandoning module WindowsMoviePlayer (91)
[2016.06.17-04.57.02:195][582]LogModuleManager: Shutting down and abandoning module Media (90)
[2016.06.17-04.57.02:195][582]LogModuleManager: Shutting down and abandoning module WmfMedia (89)
[2016.06.17-04.57.02:195][582]LogModuleManager: Shutting down and abandoning module MediaAssets (88)
[2016.06.17-04.57.02:195][582]LogModuleManager: Shutting down and abandoning module GameLiveStreaming (87)
[2016.06.17-04.57.02:195][582]LogModuleManager: Shutting down and abandoning module GameplayTagsEditor (86)
[2016.06.17-04.57.02:195][582]LogModuleManager: Shutting down and abandoning module OnlineBlueprintSupport (85)
[2016.06.17-04.57.02:195][582]LogModuleManager: Shutting down and abandoning module VREditor (84)
[2016.06.17-04.57.02:196][582]LogModuleManager: Shutting down and abandoning module GameplayTasksEditor (83)
[2016.06.17-04.57.02:196][582]LogModuleManager: Shutting down and abandoning module PropertyEditor (82)
[2016.06.17-04.57.02:196][582]LogModuleManager: Shutting down and abandoning module BehaviorTreeEditor (81)
[2016.06.17-04.57.02:196][582]LogModuleManager: Shutting down and abandoning module FunctionalTesting (80)
[2016.06.17-04.57.02:196][582]LogModuleManager: Shutting down and abandoning module CollisionAnalyzer (79)
[2016.06.17-04.57.02:196][582]LogModuleManager: Shutting down and abandoning module Sequencer (78)
[2016.06.17-04.57.02:196][582]LogModuleManager: Shutting down and abandoning module WorkspaceMenuStructure (77)
[2016.06.17-04.57.02:196][582]LogModuleManager: Shutting down and abandoning module MessageLog (76)
[2016.06.17-04.57.02:196][582]LogModuleManager: Shutting down and abandoning module AssetTools (75)
[2016.06.17-04.57.02:196][582]LogModuleManager: Shutting down and abandoning module UMGEditor (74)
[2016.06.17-04.57.02:196][582]LogModuleManager: Shutting down and abandoning module UMG (73)
[2016.06.17-04.57.02:196][582]LogModuleManager: Shutting down and abandoning module SlateReflector (72)
[2016.06.17-04.57.02:196][582]LogModuleManager: Shutting down and abandoning module Slate (71)
[2016.06.17-04.57.02:196][582]LogModuleManager: Shutting down and abandoning module EditorStyle (70)
[2016.06.17-04.57.02:199][582]LogModuleManager: Shutting down and abandoning module SourceCodeAccess (69)
[2016.06.17-04.57.02:199][582]LogModuleManager: Shutting down and abandoning module HeadMountedDisplay (68)
[2016.06.17-04.57.02:199][582]LogModuleManager: Shutting down and abandoning module XAudio2 (67)
[2016.06.17-04.57.02:199][582]LogModuleManager: Shutting down and abandoning module Networking (65)
[2016.06.17-04.57.02:199][582]LogModuleManager: Shutting down and abandoning module Core (64)
[2016.06.17-04.57.02:199][582]LogModuleManager: Shutting down and abandoning module DirectoryWatcher (63)
[2016.06.17-04.57.02:200][582]LogModuleManager: Shutting down and abandoning module AssetRegistry (62)
[2016.06.17-04.57.02:336][582]LogModuleManager: Shutting down and abandoning module KismetCompiler (61)
[2016.06.17-04.57.02:336][582]LogModuleManager: Shutting down and abandoning module PhysXFormats (60)
[2016.06.17-04.57.02:337][582]LogModuleManager: Shutting down and abandoning module MeshUtilities (59)
[2016.06.17-04.57.02:337][582]LogModuleManager: Shutting down and abandoning module DerivedDataCache (58)
[2016.06.17-04.57.02:395][582]LogDerivedDataCache: Shutdown
[2016.06.17-04.57.02:395][582]LogModuleManager: Shutting down and abandoning module VulkanShaderFormat (57)
[2016.06.17-04.57.02:395][582]LogModuleManager: Shutting down and abandoning module ShaderFormatOpenGL (56)
[2016.06.17-04.57.02:395][582]LogModuleManager: Shutting down and abandoning module ShaderFormatD3D (55)
[2016.06.17-04.57.02:395][582]LogModuleManager: Shutting down and abandoning module MetalShaderFormat (54)
[2016.06.17-04.57.02:395][582]LogModuleManager: Shutting down and abandoning module TextureFormatUncompressed (53)
[2016.06.17-04.57.02:395][582]LogModuleManager: Shutting down and abandoning module TextureFormatPVR (52)
[2016.06.17-04.57.02:395][582]LogModuleManager: Shutting down and abandoning module TextureFormatIntelISPCTexComp (51)
[2016.06.17-04.57.02:397][582]LogModuleManager: Shutting down and abandoning module TextureFormatDXT (50)
[2016.06.17-04.57.02:397][582]LogModuleManager: Shutting down and abandoning module ImageWrapper (49)
[2016.06.17-04.57.02:397][582]LogModuleManager: Shutting down and abandoning module TextureFormatASTC (48)
[2016.06.17-04.57.02:397][582]LogModuleManager: Shutting down and abandoning module TextureFormatAndroid (47)
[2016.06.17-04.57.02:397][582]LogModuleManager: Shutting down and abandoning module AudioFormatOpus (46)
[2016.06.17-04.57.02:397][582]LogModuleManager: Shutting down and abandoning module AudioFormatOgg (45)
[2016.06.17-04.57.02:397][582]LogModuleManager: Shutting down and abandoning module AudioFormatADPCM (44)
[2016.06.17-04.57.02:397][582]LogModuleManager: Shutting down and abandoning module LinuxTargetPlatform (43)
[2016.06.17-04.57.02:397][582]LogModuleManager: Shutting down and abandoning module LinuxServerTargetPlatform (42)
[2016.06.17-04.57.02:397][582]LogModuleManager: Shutting down and abandoning module LinuxNoEditorTargetPlatform (41)
[2016.06.17-04.57.02:398][582]LogModuleManager: Shutting down and abandoning module TVOSTargetPlatform (40)
[2016.06.17-04.57.02:398][582]LogModuleManager: Shutting down and abandoning module Messaging (39)
[2016.06.17-04.57.02:398][582]LogModuleManager: Shutting down and abandoning module IOSTargetPlatform (38)
[2016.06.17-04.57.02:398][582]LogModuleManager: Shutting down and abandoning module HTML5TargetPlatform (37)
[2016.06.17-04.57.02:398][582]LogModuleManager: Shutting down and abandoning module Android_PVRTCTargetPlatform (36)
[2016.06.17-04.57.02:398][582]LogModuleManager: Shutting down and abandoning module Android_MultiTargetPlatform (35)
[2016.06.17-04.57.02:398][582]LogModuleManager: Shutting down and abandoning module Android_ETC2TargetPlatform (34)
[2016.06.17-04.57.02:398][582]LogModuleManager: Shutting down and abandoning module Android_ETC1TargetPlatform (33)
[2016.06.17-04.57.02:398][582]LogModuleManager: Shutting down and abandoning module Android_DXTTargetPlatform (32)
[2016.06.17-04.57.02:398][582]LogModuleManager: Shutting down and abandoning module Android_ATCTargetPlatform (31)
[2016.06.17-04.57.02:398][582]LogModuleManager: Shutting down and abandoning module Android_ASTCTargetPlatform (30)
[2016.06.17-04.57.02:398][582]LogModuleManager: Shutting down and abandoning module AndroidTargetPlatform (29)
[2016.06.17-04.57.02:398][582]LogModuleManager: Shutting down and abandoning module WindowsTargetPlatform (28)
[2016.06.17-04.57.02:398][582]LogModuleManager: Shutting down and abandoning module WindowsServerTargetPlatform (27)
[2016.06.17-04.57.02:398][582]LogModuleManager: Shutting down and abandoning module WindowsNoEditorTargetPlatform (26)
[2016.06.17-04.57.02:398][582]LogModuleManager: Shutting down and abandoning module WindowsClientTargetPlatform (25)
[2016.06.17-04.57.02:399][582]LogModuleManager: Shutting down and abandoning module AllDesktopTargetPlatform (24)
[2016.06.17-04.57.02:399][582]LogModuleManager: Shutting down and abandoning module TargetPlatform (23)
[2016.06.17-04.57.02:399][582]LogModuleManager: Shutting down and abandoning module InputCore (22)
[2016.06.17-04.57.02:399][582]LogModuleManager: Shutting down and abandoning module Settings (21)
[2016.06.17-04.57.02:399][582]LogModuleManager: Shutting down and abandoning module OnlineSubsystem (19)
[2016.06.17-04.57.02:399][582]LogModuleManager: Shutting down and abandoning module HTTP (18)
[2016.06.17-04.57.05:409][582]LogModuleManager: Shutting down and abandoning module XMPP (17)
[2016.06.17-04.57.05:409][582]LogModuleManager: Shutting down and abandoning module OculusRift (16)
[2016.06.17-04.57.05:409][582]LogModuleManager: Shutting down and abandoning module ExampleDeviceProfileSelector (15)
[2016.06.17-04.57.05:409][582]LogModuleManager: Shutting down and abandoning module TextureCompressor (14)
[2016.06.17-04.57.05:411][582]LogModuleManager: Shutting down and abandoning module ShaderCore (13)
[2016.06.17-04.57.05:412][582]LogModuleManager: Shutting down and abandoning module Landscape (12)
[2016.06.17-04.57.05:412][582]LogModuleManager: Shutting down and abandoning module SlateRHIRenderer (11)
[2016.06.17-04.57.05:412][582]LogModuleManager: Shutting down and abandoning module OpenGLDrv (10)
[2016.06.17-04.57.05:413][582]LogModuleManager: Shutting down and abandoning module D3D11RHI (9)
[2016.06.17-04.57.05:413][582]LogModuleManager: Shutting down and abandoning module AnimGraphRuntime (8)
[2016.06.17-04.57.05:413][582]LogModuleManager: Shutting down and abandoning module Renderer (7)
[2016.06.17-04.57.05:413][582]LogModuleManager: Shutting down and abandoning module Engine (6)
[2016.06.17-04.57.05:413][582]LogModuleManager: Shutting down and abandoning module CoreUObject (5)
[2016.06.17-04.57.05:413][582]LogModuleManager: Shutting down and abandoning module NetworkFile (4)
[2016.06.17-04.57.05:413][582]LogModuleManager: Shutting down and abandoning module StreamingFile (3)
[2016.06.17-04.57.05:413][582]LogModuleManager: Shutting down and abandoning module SandboxFile (2)
[2016.06.17-04.57.05:413][582]LogModuleManager: Shutting down and abandoning module PakFile (1)
[2016.06.17-04.57.05:417][582]LogExit: Exiting.
[2016.06.17-04.57.05:419][582]Log file closed, 06/16/16 21:57:05
